{"numFailedTestSuites":13,"numFailedTests":15,"numPassedTestSuites":1,"numPassedTests":9,"numPendingTestSuites":0,"numPendingTests":0,"numRuntimeErrorTestSuites":4,"numTodoTests":0,"numTotalTestSuites":14,"numTotalTests":24,"openHandles":[],"snapshot":{"added":0,"didUpdate":false,"failure":false,"filesAdded":0,"filesRemoved":0,"filesRemovedList":[],"filesUnmatched":0,"filesUpdated":0,"matched":0,"total":0,"unchecked":0,"uncheckedKeysByFile":[],"unmatched":0,"updated":0},"startTime":1755413913714,"success":false,"testResults":[{"assertionResults":[{"ancestorTitles":["SubscriptionService","getUserSubscription"],"duration":67,"failureDetails":[],"failureMessages":[],"fullName":"SubscriptionService getUserSubscription should return subscription info with professional plan details","invocations":1,"location":null,"numPassingAsserts":6,"retryReasons":[],"status":"passed","title":"should return subscription info with professional plan details"},{"ancestorTitles":["SubscriptionService","getUserSubscription"],"duration":9,"failureDetails":[],"failureMessages":[],"fullName":"SubscriptionService getUserSubscription should return starter plan details if no subscription exists","invocations":1,"location":null,"numPassingAsserts":4,"retryReasons":[],"status":"passed","title":"should return starter plan details if no subscription exists"},{"ancestorTitles":["SubscriptionService","getUserSubscription"],"duration":51,"failureDetails":[],"failureMessages":[],"fullName":"SubscriptionService getUserSubscription should throw error if user not found","invocations":1,"location":null,"numPassingAsserts":1,"retryReasons":[],"status":"passed","title":"should throw error if user not found"},{"ancestorTitles":["SubscriptionService","getTrialStatus"],"duration":7,"failureDetails":[],"failureMessages":[],"fullName":"SubscriptionService getTrialStatus should return active trial status","invocations":1,"location":null,"numPassingAsserts":4,"retryReasons":[],"status":"passed","title":"should return active trial status"},{"ancestorTitles":["SubscriptionService","getTrialStatus"],"duration":9,"failureDetails":[],"failureMessages":[],"fullName":"SubscriptionService getTrialStatus should return expired trial status","invocations":1,"location":null,"numPassingAsserts":3,"retryReasons":[],"status":"passed","title":"should return expired trial status"},{"ancestorTitles":["SubscriptionService","getTrialStatus"],"duration":5,"failureDetails":[],"failureMessages":[],"fullName":"SubscriptionService getTrialStatus should throw error for non-existent user","invocations":1,"location":null,"numPassingAsserts":1,"retryReasons":[],"status":"passed","title":"should throw error for non-existent user"},{"ancestorTitles":["SubscriptionService","checkSubscriptionExpiration"],"duration":5,"failureDetails":[{"response":"Error checking subscription expiration: this.prisma.subscription.findFirst is not a function","status":500,"message":"Error checking subscription expiration: this.prisma.subscription.findFirst is not a function","name":"HttpException"}],"failureMessages":["HttpException: Error checking subscription expiration: this.prisma.subscription.findFirst is not a function\n    at SubscriptionService.checkSubscriptionExpiration (C:\\Users\\Hp\\Downloads\\workflowguard_app-main\\backend\\src\\subscription\\subscription.service.ts:157:13)\n    at Object.<anonymous> (C:\\Users\\Hp\\Downloads\\workflowguard_app-main\\backend\\src\\subscription\\subscription.service.spec.ts:162:36)\n    at Promise.then.completed (C:\\Users\\Hp\\Downloads\\workflowguard_app-main\\backend\\node_modules\\jest-circus\\build\\utils.js:298:28)\n    at new Promise (<anonymous>)\n    at callAsyncCircusFn (C:\\Users\\Hp\\Downloads\\workflowguard_app-main\\backend\\node_modules\\jest-circus\\build\\utils.js:231:10)\n    at _callCircusTest (C:\\Users\\Hp\\Downloads\\workflowguard_app-main\\backend\\node_modules\\jest-circus\\build\\run.js:316:40)\n    at processTicksAndRejections (node:internal/process/task_queues:105:5)\n    at _runTest (C:\\Users\\Hp\\Downloads\\workflowguard_app-main\\backend\\node_modules\\jest-circus\\build\\run.js:252:3)\n    at _runTestsForDescribeBlock (C:\\Users\\Hp\\Downloads\\workflowguard_app-main\\backend\\node_modules\\jest-circus\\build\\run.js:126:9)\n    at _runTestsForDescribeBlock (C:\\Users\\Hp\\Downloads\\workflowguard_app-main\\backend\\node_modules\\jest-circus\\build\\run.js:121:9)\n    at _runTestsForDescribeBlock (C:\\Users\\Hp\\Downloads\\workflowguard_app-main\\backend\\node_modules\\jest-circus\\build\\run.js:121:9)\n    at run (C:\\Users\\Hp\\Downloads\\workflowguard_app-main\\backend\\node_modules\\jest-circus\\build\\run.js:71:3)\n    at runAndTransformResultsToJestFormat (C:\\Users\\Hp\\Downloads\\workflowguard_app-main\\backend\\node_modules\\jest-circus\\build\\legacy-code-todo-rewrite\\jestAdapterInit.js:122:21)\n    at jestAdapter (C:\\Users\\Hp\\Downloads\\workflowguard_app-main\\backend\\node_modules\\jest-circus\\build\\legacy-code-todo-rewrite\\jestAdapter.js:79:19)\n    at runTestInternal (C:\\Users\\Hp\\Downloads\\workflowguard_app-main\\backend\\node_modules\\jest-runner\\build\\runTest.js:367:16)\n    at runTest (C:\\Users\\Hp\\Downloads\\workflowguard_app-main\\backend\\node_modules\\jest-runner\\build\\runTest.js:444:34)\n    at Object.worker (C:\\Users\\Hp\\Downloads\\workflowguard_app-main\\backend\\node_modules\\jest-runner\\build\\testWorker.js:106:12)"],"fullName":"SubscriptionService checkSubscriptionExpiration should return not expired for active subscription","invocations":1,"location":null,"numPassingAsserts":0,"retryReasons":[],"status":"failed","title":"should return not expired for active subscription"},{"ancestorTitles":["SubscriptionService","checkSubscriptionExpiration"],"duration":4,"failureDetails":[{"response":"Error checking subscription expiration: this.prisma.subscription.findFirst is not a function","status":500,"message":"Error checking subscription expiration: this.prisma.subscription.findFirst is not a function","name":"HttpException"}],"failureMessages":["HttpException: Error checking subscription expiration: this.prisma.subscription.findFirst is not a function\n    at SubscriptionService.checkSubscriptionExpiration (C:\\Users\\Hp\\Downloads\\workflowguard_app-main\\backend\\src\\subscription\\subscription.service.ts:157:13)\n    at Object.<anonymous> (C:\\Users\\Hp\\Downloads\\workflowguard_app-main\\backend\\src\\subscription\\subscription.service.spec.ts:180:36)\n    at Promise.then.completed (C:\\Users\\Hp\\Downloads\\workflowguard_app-main\\backend\\node_modules\\jest-circus\\build\\utils.js:298:28)\n    at new Promise (<anonymous>)\n    at callAsyncCircusFn (C:\\Users\\Hp\\Downloads\\workflowguard_app-main\\backend\\node_modules\\jest-circus\\build\\utils.js:231:10)\n    at _callCircusTest (C:\\Users\\Hp\\Downloads\\workflowguard_app-main\\backend\\node_modules\\jest-circus\\build\\run.js:316:40)\n    at processTicksAndRejections (node:internal/process/task_queues:105:5)\n    at _runTest (C:\\Users\\Hp\\Downloads\\workflowguard_app-main\\backend\\node_modules\\jest-circus\\build\\run.js:252:3)\n    at _runTestsForDescribeBlock (C:\\Users\\Hp\\Downloads\\workflowguard_app-main\\backend\\node_modules\\jest-circus\\build\\run.js:126:9)\n    at _runTestsForDescribeBlock (C:\\Users\\Hp\\Downloads\\workflowguard_app-main\\backend\\node_modules\\jest-circus\\build\\run.js:121:9)\n    at _runTestsForDescribeBlock (C:\\Users\\Hp\\Downloads\\workflowguard_app-main\\backend\\node_modules\\jest-circus\\build\\run.js:121:9)\n    at run (C:\\Users\\Hp\\Downloads\\workflowguard_app-main\\backend\\node_modules\\jest-circus\\build\\run.js:71:3)\n    at runAndTransformResultsToJestFormat (C:\\Users\\Hp\\Downloads\\workflowguard_app-main\\backend\\node_modules\\jest-circus\\build\\legacy-code-todo-rewrite\\jestAdapterInit.js:122:21)\n    at jestAdapter (C:\\Users\\Hp\\Downloads\\workflowguard_app-main\\backend\\node_modules\\jest-circus\\build\\legacy-code-todo-rewrite\\jestAdapter.js:79:19)\n    at runTestInternal (C:\\Users\\Hp\\Downloads\\workflowguard_app-main\\backend\\node_modules\\jest-runner\\build\\runTest.js:367:16)\n    at runTest (C:\\Users\\Hp\\Downloads\\workflowguard_app-main\\backend\\node_modules\\jest-runner\\build\\runTest.js:444:34)\n    at Object.worker (C:\\Users\\Hp\\Downloads\\workflowguard_app-main\\backend\\node_modules\\jest-runner\\build\\testWorker.js:106:12)"],"fullName":"SubscriptionService checkSubscriptionExpiration should mark subscription as expired when past billing date","invocations":1,"location":null,"numPassingAsserts":0,"retryReasons":[],"status":"failed","title":"should mark subscription as expired when past billing date"},{"ancestorTitles":["SubscriptionService","checkSubscriptionExpiration"],"duration":4,"failureDetails":[{"response":"Error checking subscription expiration: this.prisma.subscription.findFirst is not a function","status":500,"message":"Error checking subscription expiration: this.prisma.subscription.findFirst is not a function","name":"HttpException"}],"failureMessages":["HttpException: Error checking subscription expiration: this.prisma.subscription.findFirst is not a function\n    at SubscriptionService.checkSubscriptionExpiration (C:\\Users\\Hp\\Downloads\\workflowguard_app-main\\backend\\src\\subscription\\subscription.service.ts:157:13)\n    at Object.<anonymous> (C:\\Users\\Hp\\Downloads\\workflowguard_app-main\\backend\\src\\subscription\\subscription.service.spec.ts:196:36)\n    at Promise.then.completed (C:\\Users\\Hp\\Downloads\\workflowguard_app-main\\backend\\node_modules\\jest-circus\\build\\utils.js:298:28)\n    at new Promise (<anonymous>)\n    at callAsyncCircusFn (C:\\Users\\Hp\\Downloads\\workflowguard_app-main\\backend\\node_modules\\jest-circus\\build\\utils.js:231:10)\n    at _callCircusTest (C:\\Users\\Hp\\Downloads\\workflowguard_app-main\\backend\\node_modules\\jest-circus\\build\\run.js:316:40)\n    at processTicksAndRejections (node:internal/process/task_queues:105:5)\n    at _runTest (C:\\Users\\Hp\\Downloads\\workflowguard_app-main\\backend\\node_modules\\jest-circus\\build\\run.js:252:3)\n    at _runTestsForDescribeBlock (C:\\Users\\Hp\\Downloads\\workflowguard_app-main\\backend\\node_modules\\jest-circus\\build\\run.js:126:9)\n    at _runTestsForDescribeBlock (C:\\Users\\Hp\\Downloads\\workflowguard_app-main\\backend\\node_modules\\jest-circus\\build\\run.js:121:9)\n    at _runTestsForDescribeBlock (C:\\Users\\Hp\\Downloads\\workflowguard_app-main\\backend\\node_modules\\jest-circus\\build\\run.js:121:9)\n    at run (C:\\Users\\Hp\\Downloads\\workflowguard_app-main\\backend\\node_modules\\jest-circus\\build\\run.js:71:3)\n    at runAndTransformResultsToJestFormat (C:\\Users\\Hp\\Downloads\\workflowguard_app-main\\backend\\node_modules\\jest-circus\\build\\legacy-code-todo-rewrite\\jestAdapterInit.js:122:21)\n    at jestAdapter (C:\\Users\\Hp\\Downloads\\workflowguard_app-main\\backend\\node_modules\\jest-circus\\build\\legacy-code-todo-rewrite\\jestAdapter.js:79:19)\n    at runTestInternal (C:\\Users\\Hp\\Downloads\\workflowguard_app-main\\backend\\node_modules\\jest-runner\\build\\runTest.js:367:16)\n    at runTest (C:\\Users\\Hp\\Downloads\\workflowguard_app-main\\backend\\node_modules\\jest-runner\\build\\runTest.js:444:34)\n    at Object.worker (C:\\Users\\Hp\\Downloads\\workflowguard_app-main\\backend\\node_modules\\jest-runner\\build\\testWorker.js:106:12)"],"fullName":"SubscriptionService checkSubscriptionExpiration should handle case with no subscription","invocations":1,"location":null,"numPassingAsserts":0,"retryReasons":[],"status":"failed","title":"should handle case with no subscription"},{"ancestorTitles":["SubscriptionService","getNextPaymentInfo"],"duration":4,"failureDetails":[{"response":"Error getting next payment info: this.prisma.subscription.findFirst is not a function","status":500,"message":"Error getting next payment info: this.prisma.subscription.findFirst is not a function","name":"HttpException"}],"failureMessages":["HttpException: Error getting next payment info: this.prisma.subscription.findFirst is not a function\n    at SubscriptionService.getNextPaymentInfo (C:\\Users\\Hp\\Downloads\\workflowguard_app-main\\backend\\src\\subscription\\subscription.service.ts:193:13)\n    at Object.<anonymous> (C:\\Users\\Hp\\Downloads\\workflowguard_app-main\\backend\\src\\subscription\\subscription.service.spec.ts:218:36)\n    at Promise.then.completed (C:\\Users\\Hp\\Downloads\\workflowguard_app-main\\backend\\node_modules\\jest-circus\\build\\utils.js:298:28)\n    at new Promise (<anonymous>)\n    at callAsyncCircusFn (C:\\Users\\Hp\\Downloads\\workflowguard_app-main\\backend\\node_modules\\jest-circus\\build\\utils.js:231:10)\n    at _callCircusTest (C:\\Users\\Hp\\Downloads\\workflowguard_app-main\\backend\\node_modules\\jest-circus\\build\\run.js:316:40)\n    at processTicksAndRejections (node:internal/process/task_queues:105:5)\n    at _runTest (C:\\Users\\Hp\\Downloads\\workflowguard_app-main\\backend\\node_modules\\jest-circus\\build\\run.js:252:3)\n    at _runTestsForDescribeBlock (C:\\Users\\Hp\\Downloads\\workflowguard_app-main\\backend\\node_modules\\jest-circus\\build\\run.js:126:9)\n    at _runTestsForDescribeBlock (C:\\Users\\Hp\\Downloads\\workflowguard_app-main\\backend\\node_modules\\jest-circus\\build\\run.js:121:9)\n    at _runTestsForDescribeBlock (C:\\Users\\Hp\\Downloads\\workflowguard_app-main\\backend\\node_modules\\jest-circus\\build\\run.js:121:9)\n    at run (C:\\Users\\Hp\\Downloads\\workflowguard_app-main\\backend\\node_modules\\jest-circus\\build\\run.js:71:3)\n    at runAndTransformResultsToJestFormat (C:\\Users\\Hp\\Downloads\\workflowguard_app-main\\backend\\node_modules\\jest-circus\\build\\legacy-code-todo-rewrite\\jestAdapterInit.js:122:21)\n    at jestAdapter (C:\\Users\\Hp\\Downloads\\workflowguard_app-main\\backend\\node_modules\\jest-circus\\build\\legacy-code-todo-rewrite\\jestAdapter.js:79:19)\n    at runTestInternal (C:\\Users\\Hp\\Downloads\\workflowguard_app-main\\backend\\node_modules\\jest-runner\\build\\runTest.js:367:16)\n    at runTest (C:\\Users\\Hp\\Downloads\\workflowguard_app-main\\backend\\node_modules\\jest-runner\\build\\runTest.js:444:34)\n    at Object.worker (C:\\Users\\Hp\\Downloads\\workflowguard_app-main\\backend\\node_modules\\jest-runner\\build\\testWorker.js:106:12)"],"fullName":"SubscriptionService getNextPaymentInfo should return next payment info for active subscription","invocations":1,"location":null,"numPassingAsserts":0,"retryReasons":[],"status":"failed","title":"should return next payment info for active subscription"},{"ancestorTitles":["SubscriptionService","getNextPaymentInfo"],"duration":3,"failureDetails":[{"response":"Error getting next payment info: this.prisma.subscription.findFirst is not a function","status":500,"message":"Error getting next payment info: this.prisma.subscription.findFirst is not a function","name":"HttpException"}],"failureMessages":["HttpException: Error getting next payment info: this.prisma.subscription.findFirst is not a function\n    at SubscriptionService.getNextPaymentInfo (C:\\Users\\Hp\\Downloads\\workflowguard_app-main\\backend\\src\\subscription\\subscription.service.ts:193:13)\n    at Object.<anonymous> (C:\\Users\\Hp\\Downloads\\workflowguard_app-main\\backend\\src\\subscription\\subscription.service.spec.ts:237:36)\n    at Promise.then.completed (C:\\Users\\Hp\\Downloads\\workflowguard_app-main\\backend\\node_modules\\jest-circus\\build\\utils.js:298:28)\n    at new Promise (<anonymous>)\n    at callAsyncCircusFn (C:\\Users\\Hp\\Downloads\\workflowguard_app-main\\backend\\node_modules\\jest-circus\\build\\utils.js:231:10)\n    at _callCircusTest (C:\\Users\\Hp\\Downloads\\workflowguard_app-main\\backend\\node_modules\\jest-circus\\build\\run.js:316:40)\n    at processTicksAndRejections (node:internal/process/task_queues:105:5)\n    at _runTest (C:\\Users\\Hp\\Downloads\\workflowguard_app-main\\backend\\node_modules\\jest-circus\\build\\run.js:252:3)\n    at _runTestsForDescribeBlock (C:\\Users\\Hp\\Downloads\\workflowguard_app-main\\backend\\node_modules\\jest-circus\\build\\run.js:126:9)\n    at _runTestsForDescribeBlock (C:\\Users\\Hp\\Downloads\\workflowguard_app-main\\backend\\node_modules\\jest-circus\\build\\run.js:121:9)\n    at _runTestsForDescribeBlock (C:\\Users\\Hp\\Downloads\\workflowguard_app-main\\backend\\node_modules\\jest-circus\\build\\run.js:121:9)\n    at run (C:\\Users\\Hp\\Downloads\\workflowguard_app-main\\backend\\node_modules\\jest-circus\\build\\run.js:71:3)\n    at runAndTransformResultsToJestFormat (C:\\Users\\Hp\\Downloads\\workflowguard_app-main\\backend\\node_modules\\jest-circus\\build\\legacy-code-todo-rewrite\\jestAdapterInit.js:122:21)\n    at jestAdapter (C:\\Users\\Hp\\Downloads\\workflowguard_app-main\\backend\\node_modules\\jest-circus\\build\\legacy-code-todo-rewrite\\jestAdapter.js:79:19)\n    at runTestInternal (C:\\Users\\Hp\\Downloads\\workflowguard_app-main\\backend\\node_modules\\jest-runner\\build\\runTest.js:367:16)\n    at runTest (C:\\Users\\Hp\\Downloads\\workflowguard_app-main\\backend\\node_modules\\jest-runner\\build\\runTest.js:444:34)\n    at Object.worker (C:\\Users\\Hp\\Downloads\\workflowguard_app-main\\backend\\node_modules\\jest-runner\\build\\testWorker.js:106:12)"],"fullName":"SubscriptionService getNextPaymentInfo should return no subscription info when no subscription exists","invocations":1,"location":null,"numPassingAsserts":0,"retryReasons":[],"status":"failed","title":"should return no subscription info when no subscription exists"},{"ancestorTitles":["SubscriptionService","getNextPaymentInfo"],"duration":6,"failureDetails":[{"response":"Error getting next payment info: this.prisma.subscription.findFirst is not a function","status":500,"message":"Error getting next payment info: this.prisma.subscription.findFirst is not a function","name":"HttpException"}],"failureMessages":["HttpException: Error getting next payment info: this.prisma.subscription.findFirst is not a function\n    at SubscriptionService.getNextPaymentInfo (C:\\Users\\Hp\\Downloads\\workflowguard_app-main\\backend\\src\\subscription\\subscription.service.ts:193:13)\n    at Object.<anonymous> (C:\\Users\\Hp\\Downloads\\workflowguard_app-main\\backend\\src\\subscription\\subscription.service.spec.ts:252:36)\n    at Promise.then.completed (C:\\Users\\Hp\\Downloads\\workflowguard_app-main\\backend\\node_modules\\jest-circus\\build\\utils.js:298:28)\n    at new Promise (<anonymous>)\n    at callAsyncCircusFn (C:\\Users\\Hp\\Downloads\\workflowguard_app-main\\backend\\node_modules\\jest-circus\\build\\utils.js:231:10)\n    at _callCircusTest (C:\\Users\\Hp\\Downloads\\workflowguard_app-main\\backend\\node_modules\\jest-circus\\build\\run.js:316:40)\n    at processTicksAndRejections (node:internal/process/task_queues:105:5)\n    at _runTest (C:\\Users\\Hp\\Downloads\\workflowguard_app-main\\backend\\node_modules\\jest-circus\\build\\run.js:252:3)\n    at _runTestsForDescribeBlock (C:\\Users\\Hp\\Downloads\\workflowguard_app-main\\backend\\node_modules\\jest-circus\\build\\run.js:126:9)\n    at _runTestsForDescribeBlock (C:\\Users\\Hp\\Downloads\\workflowguard_app-main\\backend\\node_modules\\jest-circus\\build\\run.js:121:9)\n    at _runTestsForDescribeBlock (C:\\Users\\Hp\\Downloads\\workflowguard_app-main\\backend\\node_modules\\jest-circus\\build\\run.js:121:9)\n    at run (C:\\Users\\Hp\\Downloads\\workflowguard_app-main\\backend\\node_modules\\jest-circus\\build\\run.js:71:3)\n    at runAndTransformResultsToJestFormat (C:\\Users\\Hp\\Downloads\\workflowguard_app-main\\backend\\node_modules\\jest-circus\\build\\legacy-code-todo-rewrite\\jestAdapterInit.js:122:21)\n    at jestAdapter (C:\\Users\\Hp\\Downloads\\workflowguard_app-main\\backend\\node_modules\\jest-circus\\build\\legacy-code-todo-rewrite\\jestAdapter.js:79:19)\n    at runTestInternal (C:\\Users\\Hp\\Downloads\\workflowguard_app-main\\backend\\node_modules\\jest-runner\\build\\runTest.js:367:16)\n    at runTest (C:\\Users\\Hp\\Downloads\\workflowguard_app-main\\backend\\node_modules\\jest-runner\\build\\runTest.js:444:34)\n    at Object.worker (C:\\Users\\Hp\\Downloads\\workflowguard_app-main\\backend\\node_modules\\jest-runner\\build\\testWorker.js:106:12)"],"fullName":"SubscriptionService getNextPaymentInfo should indicate overdue payment for past billing date","invocations":1,"location":null,"numPassingAsserts":0,"retryReasons":[],"status":"failed","title":"should indicate overdue payment for past billing date"},{"ancestorTitles":["SubscriptionService","getUsageStats"],"duration":8,"failureDetails":[{"matcherResult":{"actual":25,"expected":5,"message":"\u001b[2mexpect(\u001b[22m\u001b[31mreceived\u001b[39m\u001b[2m).\u001b[22mtoBe\u001b[2m(\u001b[22m\u001b[32mexpected\u001b[39m\u001b[2m) // Object.is equality\u001b[22m\n\nExpected: \u001b[32m5\u001b[39m\nReceived: \u001b[31m25\u001b[39m","name":"toBe","pass":false}}],"failureMessages":["Error: \u001b[2mexpect(\u001b[22m\u001b[31mreceived\u001b[39m\u001b[2m).\u001b[22mtoBe\u001b[2m(\u001b[22m\u001b[32mexpected\u001b[39m\u001b[2m) // Object.is equality\u001b[22m\n\nExpected: \u001b[32m5\u001b[39m\nReceived: \u001b[31m25\u001b[39m\n    at Object.<anonymous> (C:\\Users\\Hp\\Downloads\\workflowguard_app-main\\backend\\src\\subscription\\subscription.service.spec.ts:281:38)\n    at processTicksAndRejections (node:internal/process/task_queues:105:5)"],"fullName":"SubscriptionService getUsageStats should return usage stats for user with workflows","invocations":1,"location":null,"numPassingAsserts":1,"retryReasons":[],"status":"failed","title":"should return usage stats for user with workflows"},{"ancestorTitles":["SubscriptionService","getUsageStats"],"duration":3,"failureDetails":[],"failureMessages":[],"fullName":"SubscriptionService getUsageStats should throw error for non-existent user","invocations":1,"location":null,"numPassingAsserts":1,"retryReasons":[],"status":"passed","title":"should throw error for non-existent user"},{"ancestorTitles":["SubscriptionService","getUsageStats"],"duration":5,"failureDetails":[],"failureMessages":[],"fullName":"SubscriptionService getUsageStats should return zero usage for user with no workflows","invocations":1,"location":null,"numPassingAsserts":2,"retryReasons":[],"status":"passed","title":"should return zero usage for user with no workflows"}],"endTime":1755413929661,"message":"\u001b[1m\u001b[31m  \u001b[1m● \u001b[22m\u001b[1mSubscriptionService › checkSubscriptionExpiration › should return not expired for active subscription\u001b[39m\u001b[22m\n\n    HttpException: Error checking subscription expiration: this.prisma.subscription.findFirst is not a function\n\u001b[2m\u001b[22m\n\u001b[2m    \u001b[0m \u001b[90m 155 |\u001b[39m     } \u001b[36mcatch\u001b[39m (error\u001b[33m:\u001b[39m unknown) {\u001b[22m\n\u001b[2m     \u001b[90m 156 |\u001b[39m       \u001b[36mconst\u001b[39m message \u001b[33m=\u001b[39m error \u001b[36minstanceof\u001b[39m \u001b[33mError\u001b[39m \u001b[33m?\u001b[39m error\u001b[33m.\u001b[39mmessage \u001b[33m:\u001b[39m \u001b[33mString\u001b[39m(error)\u001b[33m;\u001b[39m\u001b[22m\n\u001b[2m    \u001b[31m\u001b[1m>\u001b[22m\u001b[2m\u001b[39m\u001b[90m 157 |\u001b[39m       \u001b[36mthrow\u001b[39m \u001b[36mnew\u001b[39m \u001b[33mHttpException\u001b[39m(\u001b[22m\n\u001b[2m     \u001b[90m     |\u001b[39m             \u001b[31m\u001b[1m^\u001b[22m\u001b[2m\u001b[39m\u001b[22m\n\u001b[2m     \u001b[90m 158 |\u001b[39m         \u001b[32m`Error checking subscription expiration: ${message}`\u001b[39m\u001b[33m,\u001b[39m\u001b[22m\n\u001b[2m     \u001b[90m 159 |\u001b[39m         \u001b[33mHttpStatus\u001b[39m\u001b[33m.\u001b[39m\u001b[33mINTERNAL_SERVER_ERROR\u001b[39m\u001b[33m,\u001b[39m\u001b[22m\n\u001b[2m     \u001b[90m 160 |\u001b[39m       )\u001b[33m;\u001b[39m\u001b[0m\u001b[22m\n\u001b[2m\u001b[22m\n\u001b[2m      \u001b[2mat SubscriptionService.checkSubscriptionExpiration (\u001b[22m\u001b[2msubscription/subscription.service.ts\u001b[2m:157:13)\u001b[22m\u001b[2m\u001b[22m\n\u001b[2m      \u001b[2mat Object.<anonymous> (\u001b[22m\u001b[2m\u001b[0m\u001b[36msubscription/subscription.service.spec.ts\u001b[39m\u001b[0m\u001b[2m:162:36)\u001b[22m\u001b[2m\u001b[22m\n\n\u001b[1m\u001b[31m  \u001b[1m● \u001b[22m\u001b[1mSubscriptionService › checkSubscriptionExpiration › should mark subscription as expired when past billing date\u001b[39m\u001b[22m\n\n    HttpException: Error checking subscription expiration: this.prisma.subscription.findFirst is not a function\n\u001b[2m\u001b[22m\n\u001b[2m    \u001b[0m \u001b[90m 155 |\u001b[39m     } \u001b[36mcatch\u001b[39m (error\u001b[33m:\u001b[39m unknown) {\u001b[22m\n\u001b[2m     \u001b[90m 156 |\u001b[39m       \u001b[36mconst\u001b[39m message \u001b[33m=\u001b[39m error \u001b[36minstanceof\u001b[39m \u001b[33mError\u001b[39m \u001b[33m?\u001b[39m error\u001b[33m.\u001b[39mmessage \u001b[33m:\u001b[39m \u001b[33mString\u001b[39m(error)\u001b[33m;\u001b[39m\u001b[22m\n\u001b[2m    \u001b[31m\u001b[1m>\u001b[22m\u001b[2m\u001b[39m\u001b[90m 157 |\u001b[39m       \u001b[36mthrow\u001b[39m \u001b[36mnew\u001b[39m \u001b[33mHttpException\u001b[39m(\u001b[22m\n\u001b[2m     \u001b[90m     |\u001b[39m             \u001b[31m\u001b[1m^\u001b[22m\u001b[2m\u001b[39m\u001b[22m\n\u001b[2m     \u001b[90m 158 |\u001b[39m         \u001b[32m`Error checking subscription expiration: ${message}`\u001b[39m\u001b[33m,\u001b[39m\u001b[22m\n\u001b[2m     \u001b[90m 159 |\u001b[39m         \u001b[33mHttpStatus\u001b[39m\u001b[33m.\u001b[39m\u001b[33mINTERNAL_SERVER_ERROR\u001b[39m\u001b[33m,\u001b[39m\u001b[22m\n\u001b[2m     \u001b[90m 160 |\u001b[39m       )\u001b[33m;\u001b[39m\u001b[0m\u001b[22m\n\u001b[2m\u001b[22m\n\u001b[2m      \u001b[2mat SubscriptionService.checkSubscriptionExpiration (\u001b[22m\u001b[2msubscription/subscription.service.ts\u001b[2m:157:13)\u001b[22m\u001b[2m\u001b[22m\n\u001b[2m      \u001b[2mat Object.<anonymous> (\u001b[22m\u001b[2m\u001b[0m\u001b[36msubscription/subscription.service.spec.ts\u001b[39m\u001b[0m\u001b[2m:180:36)\u001b[22m\u001b[2m\u001b[22m\n\n\u001b[1m\u001b[31m  \u001b[1m● \u001b[22m\u001b[1mSubscriptionService › checkSubscriptionExpiration › should handle case with no subscription\u001b[39m\u001b[22m\n\n    HttpException: Error checking subscription expiration: this.prisma.subscription.findFirst is not a function\n\u001b[2m\u001b[22m\n\u001b[2m    \u001b[0m \u001b[90m 155 |\u001b[39m     } \u001b[36mcatch\u001b[39m (error\u001b[33m:\u001b[39m unknown) {\u001b[22m\n\u001b[2m     \u001b[90m 156 |\u001b[39m       \u001b[36mconst\u001b[39m message \u001b[33m=\u001b[39m error \u001b[36minstanceof\u001b[39m \u001b[33mError\u001b[39m \u001b[33m?\u001b[39m error\u001b[33m.\u001b[39mmessage \u001b[33m:\u001b[39m \u001b[33mString\u001b[39m(error)\u001b[33m;\u001b[39m\u001b[22m\n\u001b[2m    \u001b[31m\u001b[1m>\u001b[22m\u001b[2m\u001b[39m\u001b[90m 157 |\u001b[39m       \u001b[36mthrow\u001b[39m \u001b[36mnew\u001b[39m \u001b[33mHttpException\u001b[39m(\u001b[22m\n\u001b[2m     \u001b[90m     |\u001b[39m             \u001b[31m\u001b[1m^\u001b[22m\u001b[2m\u001b[39m\u001b[22m\n\u001b[2m     \u001b[90m 158 |\u001b[39m         \u001b[32m`Error checking subscription expiration: ${message}`\u001b[39m\u001b[33m,\u001b[39m\u001b[22m\n\u001b[2m     \u001b[90m 159 |\u001b[39m         \u001b[33mHttpStatus\u001b[39m\u001b[33m.\u001b[39m\u001b[33mINTERNAL_SERVER_ERROR\u001b[39m\u001b[33m,\u001b[39m\u001b[22m\n\u001b[2m     \u001b[90m 160 |\u001b[39m       )\u001b[33m;\u001b[39m\u001b[0m\u001b[22m\n\u001b[2m\u001b[22m\n\u001b[2m      \u001b[2mat SubscriptionService.checkSubscriptionExpiration (\u001b[22m\u001b[2msubscription/subscription.service.ts\u001b[2m:157:13)\u001b[22m\u001b[2m\u001b[22m\n\u001b[2m      \u001b[2mat Object.<anonymous> (\u001b[22m\u001b[2m\u001b[0m\u001b[36msubscription/subscription.service.spec.ts\u001b[39m\u001b[0m\u001b[2m:196:36)\u001b[22m\u001b[2m\u001b[22m\n\n\u001b[1m\u001b[31m  \u001b[1m● \u001b[22m\u001b[1mSubscriptionService › getNextPaymentInfo › should return next payment info for active subscription\u001b[39m\u001b[22m\n\n    HttpException: Error getting next payment info: this.prisma.subscription.findFirst is not a function\n\u001b[2m\u001b[22m\n\u001b[2m    \u001b[0m \u001b[90m 191 |\u001b[39m     } \u001b[36mcatch\u001b[39m (error\u001b[33m:\u001b[39m unknown) {\u001b[22m\n\u001b[2m     \u001b[90m 192 |\u001b[39m       \u001b[36mconst\u001b[39m message \u001b[33m=\u001b[39m error \u001b[36minstanceof\u001b[39m \u001b[33mError\u001b[39m \u001b[33m?\u001b[39m error\u001b[33m.\u001b[39mmessage \u001b[33m:\u001b[39m \u001b[33mString\u001b[39m(error)\u001b[33m;\u001b[39m\u001b[22m\n\u001b[2m    \u001b[31m\u001b[1m>\u001b[22m\u001b[2m\u001b[39m\u001b[90m 193 |\u001b[39m       \u001b[36mthrow\u001b[39m \u001b[36mnew\u001b[39m \u001b[33mHttpException\u001b[39m(\u001b[22m\n\u001b[2m     \u001b[90m     |\u001b[39m             \u001b[31m\u001b[1m^\u001b[22m\u001b[2m\u001b[39m\u001b[22m\n\u001b[2m     \u001b[90m 194 |\u001b[39m         \u001b[32m`Error getting next payment info: ${message}`\u001b[39m\u001b[33m,\u001b[39m\u001b[22m\n\u001b[2m     \u001b[90m 195 |\u001b[39m         \u001b[33mHttpStatus\u001b[39m\u001b[33m.\u001b[39m\u001b[33mINTERNAL_SERVER_ERROR\u001b[39m\u001b[33m,\u001b[39m\u001b[22m\n\u001b[2m     \u001b[90m 196 |\u001b[39m       )\u001b[33m;\u001b[39m\u001b[0m\u001b[22m\n\u001b[2m\u001b[22m\n\u001b[2m      \u001b[2mat SubscriptionService.getNextPaymentInfo (\u001b[22m\u001b[2msubscription/subscription.service.ts\u001b[2m:193:13)\u001b[22m\u001b[2m\u001b[22m\n\u001b[2m      \u001b[2mat Object.<anonymous> (\u001b[22m\u001b[2m\u001b[0m\u001b[36msubscription/subscription.service.spec.ts\u001b[39m\u001b[0m\u001b[2m:218:36)\u001b[22m\u001b[2m\u001b[22m\n\n\u001b[1m\u001b[31m  \u001b[1m● \u001b[22m\u001b[1mSubscriptionService › getNextPaymentInfo › should return no subscription info when no subscription exists\u001b[39m\u001b[22m\n\n    HttpException: Error getting next payment info: this.prisma.subscription.findFirst is not a function\n\u001b[2m\u001b[22m\n\u001b[2m    \u001b[0m \u001b[90m 191 |\u001b[39m     } \u001b[36mcatch\u001b[39m (error\u001b[33m:\u001b[39m unknown) {\u001b[22m\n\u001b[2m     \u001b[90m 192 |\u001b[39m       \u001b[36mconst\u001b[39m message \u001b[33m=\u001b[39m error \u001b[36minstanceof\u001b[39m \u001b[33mError\u001b[39m \u001b[33m?\u001b[39m error\u001b[33m.\u001b[39mmessage \u001b[33m:\u001b[39m \u001b[33mString\u001b[39m(error)\u001b[33m;\u001b[39m\u001b[22m\n\u001b[2m    \u001b[31m\u001b[1m>\u001b[22m\u001b[2m\u001b[39m\u001b[90m 193 |\u001b[39m       \u001b[36mthrow\u001b[39m \u001b[36mnew\u001b[39m \u001b[33mHttpException\u001b[39m(\u001b[22m\n\u001b[2m     \u001b[90m     |\u001b[39m             \u001b[31m\u001b[1m^\u001b[22m\u001b[2m\u001b[39m\u001b[22m\n\u001b[2m     \u001b[90m 194 |\u001b[39m         \u001b[32m`Error getting next payment info: ${message}`\u001b[39m\u001b[33m,\u001b[39m\u001b[22m\n\u001b[2m     \u001b[90m 195 |\u001b[39m         \u001b[33mHttpStatus\u001b[39m\u001b[33m.\u001b[39m\u001b[33mINTERNAL_SERVER_ERROR\u001b[39m\u001b[33m,\u001b[39m\u001b[22m\n\u001b[2m     \u001b[90m 196 |\u001b[39m       )\u001b[33m;\u001b[39m\u001b[0m\u001b[22m\n\u001b[2m\u001b[22m\n\u001b[2m      \u001b[2mat SubscriptionService.getNextPaymentInfo (\u001b[22m\u001b[2msubscription/subscription.service.ts\u001b[2m:193:13)\u001b[22m\u001b[2m\u001b[22m\n\u001b[2m      \u001b[2mat Object.<anonymous> (\u001b[22m\u001b[2m\u001b[0m\u001b[36msubscription/subscription.service.spec.ts\u001b[39m\u001b[0m\u001b[2m:237:36)\u001b[22m\u001b[2m\u001b[22m\n\n\u001b[1m\u001b[31m  \u001b[1m● \u001b[22m\u001b[1mSubscriptionService › getNextPaymentInfo › should indicate overdue payment for past billing date\u001b[39m\u001b[22m\n\n    HttpException: Error getting next payment info: this.prisma.subscription.findFirst is not a function\n\u001b[2m\u001b[22m\n\u001b[2m    \u001b[0m \u001b[90m 191 |\u001b[39m     } \u001b[36mcatch\u001b[39m (error\u001b[33m:\u001b[39m unknown) {\u001b[22m\n\u001b[2m     \u001b[90m 192 |\u001b[39m       \u001b[36mconst\u001b[39m message \u001b[33m=\u001b[39m error \u001b[36minstanceof\u001b[39m \u001b[33mError\u001b[39m \u001b[33m?\u001b[39m error\u001b[33m.\u001b[39mmessage \u001b[33m:\u001b[39m \u001b[33mString\u001b[39m(error)\u001b[33m;\u001b[39m\u001b[22m\n\u001b[2m    \u001b[31m\u001b[1m>\u001b[22m\u001b[2m\u001b[39m\u001b[90m 193 |\u001b[39m       \u001b[36mthrow\u001b[39m \u001b[36mnew\u001b[39m \u001b[33mHttpException\u001b[39m(\u001b[22m\n\u001b[2m     \u001b[90m     |\u001b[39m             \u001b[31m\u001b[1m^\u001b[22m\u001b[2m\u001b[39m\u001b[22m\n\u001b[2m     \u001b[90m 194 |\u001b[39m         \u001b[32m`Error getting next payment info: ${message}`\u001b[39m\u001b[33m,\u001b[39m\u001b[22m\n\u001b[2m     \u001b[90m 195 |\u001b[39m         \u001b[33mHttpStatus\u001b[39m\u001b[33m.\u001b[39m\u001b[33mINTERNAL_SERVER_ERROR\u001b[39m\u001b[33m,\u001b[39m\u001b[22m\n\u001b[2m     \u001b[90m 196 |\u001b[39m       )\u001b[33m;\u001b[39m\u001b[0m\u001b[22m\n\u001b[2m\u001b[22m\n\u001b[2m      \u001b[2mat SubscriptionService.getNextPaymentInfo (\u001b[22m\u001b[2msubscription/subscription.service.ts\u001b[2m:193:13)\u001b[22m\u001b[2m\u001b[22m\n\u001b[2m      \u001b[2mat Object.<anonymous> (\u001b[22m\u001b[2m\u001b[0m\u001b[36msubscription/subscription.service.spec.ts\u001b[39m\u001b[0m\u001b[2m:252:36)\u001b[22m\u001b[2m\u001b[22m\n\n\u001b[1m\u001b[31m  \u001b[1m● \u001b[22m\u001b[1mSubscriptionService › getUsageStats › should return usage stats for user with workflows\u001b[39m\u001b[22m\n\n    \u001b[2mexpect(\u001b[22m\u001b[31mreceived\u001b[39m\u001b[2m).\u001b[22mtoBe\u001b[2m(\u001b[22m\u001b[32mexpected\u001b[39m\u001b[2m) // Object.is equality\u001b[22m\n\n    Expected: \u001b[32m5\u001b[39m\n    Received: \u001b[31m25\u001b[39m\n\u001b[2m\u001b[22m\n\u001b[2m    \u001b[0m \u001b[90m 279 |\u001b[39m\u001b[22m\n\u001b[2m     \u001b[90m 280 |\u001b[39m       expect(result\u001b[33m.\u001b[39mworkflows\u001b[33m.\u001b[39mused)\u001b[33m.\u001b[39mtoBe(\u001b[35m3\u001b[39m)\u001b[33m;\u001b[39m\u001b[22m\n\u001b[2m    \u001b[31m\u001b[1m>\u001b[22m\u001b[2m\u001b[39m\u001b[90m 281 |\u001b[39m       expect(result\u001b[33m.\u001b[39mworkflows\u001b[33m.\u001b[39mlimit)\u001b[33m.\u001b[39mtoBe(\u001b[35m5\u001b[39m)\u001b[33m;\u001b[39m\u001b[22m\n\u001b[2m     \u001b[90m     |\u001b[39m                                      \u001b[31m\u001b[1m^\u001b[22m\u001b[2m\u001b[39m\u001b[22m\n\u001b[2m     \u001b[90m 282 |\u001b[39m       expect(result\u001b[33m.\u001b[39mworkflows\u001b[33m.\u001b[39mpercentage)\u001b[33m.\u001b[39mtoBe(\u001b[35m60\u001b[39m)\u001b[33m;\u001b[39m\u001b[22m\n\u001b[2m     \u001b[90m 283 |\u001b[39m       expect(result\u001b[33m.\u001b[39mversionHistory)\u001b[33m.\u001b[39mtoBeDefined()\u001b[33m;\u001b[39m\u001b[22m\n\u001b[2m     \u001b[90m 284 |\u001b[39m       expect(result\u001b[33m.\u001b[39mteamMembers)\u001b[33m.\u001b[39mtoBeDefined()\u001b[33m;\u001b[39m\u001b[0m\u001b[22m\n\u001b[2m\u001b[22m\n\u001b[2m      \u001b[2mat Object.<anonymous> (\u001b[22m\u001b[2m\u001b[0m\u001b[36msubscription/subscription.service.spec.ts\u001b[39m\u001b[0m\u001b[2m:281:38)\u001b[22m\u001b[2m\u001b[22m\n","name":"C:\\Users\\Hp\\Downloads\\workflowguard_app-main\\backend\\src\\subscription\\subscription.service.spec.ts","startTime":1755413915539,"status":"failed","summary":""},{"assertionResults":[{"ancestorTitles":["WebhookService"],"duration":55,"failureDetails":[{"type":"WebhookService","context":{"index":0,"dependencies":[null]},"metadata":{"id":"fa994f141b4c1b426400d"},"moduleRef":{"id":"dad117a4f1fa994f141b4"}}],"failureMessages":["Error: Nest can't resolve dependencies of the WebhookService (?). Please make sure that the argument PrismaService at index [0] is available in the RootTestModule context.\n\nPotential solutions:\n- Is RootTestModule a valid NestJS module?\n- If PrismaService is a provider, is it part of the current RootTestModule?\n- If PrismaService is exported from a separate @Module, is that module imported within RootTestModule?\n  @Module({\n    imports: [ /* the Module containing PrismaService */ ]\n  })\n\n    at TestingInjector.lookupComponentInParentModules (C:\\Users\\Hp\\Downloads\\workflowguard_app-main\\backend\\node_modules\\@nestjs\\core\\injector\\injector.js:262:19)\n    at processTicksAndRejections (node:internal/process/task_queues:105:5)\n    at TestingInjector.resolveComponentInstance (C:\\Users\\Hp\\Downloads\\workflowguard_app-main\\backend\\node_modules\\@nestjs\\core\\injector\\injector.js:215:33)\n    at TestingInjector.resolveComponentInstance (C:\\Users\\Hp\\Downloads\\workflowguard_app-main\\backend\\node_modules\\@nestjs\\testing\\testing-injector.js:19:45)\n    at resolveParam (C:\\Users\\Hp\\Downloads\\workflowguard_app-main\\backend\\node_modules\\@nestjs\\core\\injector\\injector.js:129:38)\n    at async Promise.all (index 0)\n    at TestingInjector.resolveConstructorParams (C:\\Users\\Hp\\Downloads\\workflowguard_app-main\\backend\\node_modules\\@nestjs\\core\\injector\\injector.js:144:27)\n    at TestingInjector.loadInstance (C:\\Users\\Hp\\Downloads\\workflowguard_app-main\\backend\\node_modules\\@nestjs\\core\\injector\\injector.js:70:13)\n    at TestingInjector.loadProvider (C:\\Users\\Hp\\Downloads\\workflowguard_app-main\\backend\\node_modules\\@nestjs\\core\\injector\\injector.js:98:9)\n    at C:\\Users\\Hp\\Downloads\\workflowguard_app-main\\backend\\node_modules\\@nestjs\\core\\injector\\instance-loader.js:56:13\n    at async Promise.all (index 3)\n    at TestingInstanceLoader.createInstancesOfProviders (C:\\Users\\Hp\\Downloads\\workflowguard_app-main\\backend\\node_modules\\@nestjs\\core\\injector\\instance-loader.js:55:9)\n    at C:\\Users\\Hp\\Downloads\\workflowguard_app-main\\backend\\node_modules\\@nestjs\\core\\injector\\instance-loader.js:40:13\n    at async Promise.all (index 1)\n    at TestingInstanceLoader.createInstances (C:\\Users\\Hp\\Downloads\\workflowguard_app-main\\backend\\node_modules\\@nestjs\\core\\injector\\instance-loader.js:39:9)\n    at TestingInstanceLoader.createInstancesOfDependencies (C:\\Users\\Hp\\Downloads\\workflowguard_app-main\\backend\\node_modules\\@nestjs\\core\\injector\\instance-loader.js:22:13)\n    at TestingInstanceLoader.createInstancesOfDependencies (C:\\Users\\Hp\\Downloads\\workflowguard_app-main\\backend\\node_modules\\@nestjs\\testing\\testing-instance-loader.js:9:9)\n    at TestingModuleBuilder.createInstancesOfDependencies (C:\\Users\\Hp\\Downloads\\workflowguard_app-main\\backend\\node_modules\\@nestjs\\testing\\testing-module.builder.js:118:9)\n    at TestingModuleBuilder.compile (C:\\Users\\Hp\\Downloads\\workflowguard_app-main\\backend\\node_modules\\@nestjs\\testing\\testing-module.builder.js:74:9)\n    at Object.<anonymous> (C:\\Users\\Hp\\Downloads\\workflowguard_app-main\\backend\\src\\webhook\\webhook.service.spec.ts:8:35)"],"fullName":"WebhookService should be defined","invocations":1,"location":null,"numPassingAsserts":0,"retryReasons":[],"status":"failed","title":"should be defined"}],"endTime":1755413929829,"message":"\u001b[1m\u001b[31m  \u001b[1m● \u001b[22m\u001b[1mWebhookService › should be defined\u001b[39m\u001b[22m\n\n    Nest can't resolve dependencies of the WebhookService (?). Please make sure that the argument PrismaService at index [0] is available in the RootTestModule context.\n\n    Potential solutions:\n    - Is RootTestModule a valid NestJS module?\n    - If PrismaService is a provider, is it part of the current RootTestModule?\n    - If PrismaService is exported from a separate @Module, is that module imported within RootTestModule?\n      @Module({\n        imports: [ /* the Module containing PrismaService */ ]\n      })\n\u001b[2m\u001b[22m\n\u001b[2m    \u001b[0m \u001b[90m  6 |\u001b[39m\u001b[22m\n\u001b[2m     \u001b[90m  7 |\u001b[39m   beforeEach(\u001b[36masync\u001b[39m () \u001b[33m=>\u001b[39m {\u001b[22m\n\u001b[2m    \u001b[31m\u001b[1m>\u001b[22m\u001b[2m\u001b[39m\u001b[90m  8 |\u001b[39m     \u001b[36mconst\u001b[39m module\u001b[33m:\u001b[39m \u001b[33mTestingModule\u001b[39m \u001b[33m=\u001b[39m \u001b[36mawait\u001b[39m \u001b[33mTest\u001b[39m\u001b[33m.\u001b[39mcreateTestingModule({\u001b[22m\n\u001b[2m     \u001b[90m    |\u001b[39m                                   \u001b[31m\u001b[1m^\u001b[22m\u001b[2m\u001b[39m\u001b[22m\n\u001b[2m     \u001b[90m  9 |\u001b[39m       providers\u001b[33m:\u001b[39m [\u001b[33mWebhookService\u001b[39m]\u001b[33m,\u001b[39m\u001b[22m\n\u001b[2m     \u001b[90m 10 |\u001b[39m     })\u001b[33m.\u001b[39mcompile()\u001b[33m;\u001b[39m\u001b[22m\n\u001b[2m     \u001b[90m 11 |\u001b[39m\u001b[0m\u001b[22m\n\u001b[2m\u001b[22m\n\u001b[2m      \u001b[2mat TestingInjector.lookupComponentInParentModules (\u001b[22m\u001b[2m../node_modules/@nestjs/core/injector/injector.js\u001b[2m:262:19)\u001b[22m\u001b[2m\u001b[22m\n\u001b[2m      \u001b[2mat TestingInjector.resolveComponentInstance (\u001b[22m\u001b[2m../node_modules/@nestjs/core/injector/injector.js\u001b[2m:215:33)\u001b[22m\u001b[2m\u001b[22m\n\u001b[2m      \u001b[2mat TestingInjector.resolveComponentInstance (\u001b[22m\u001b[2m../node_modules/@nestjs/testing/testing-injector.js\u001b[2m:19:45)\u001b[22m\u001b[2m\u001b[22m\n\u001b[2m      \u001b[2mat resolveParam (\u001b[22m\u001b[2m../node_modules/@nestjs/core/injector/injector.js\u001b[2m:129:38)\u001b[22m\u001b[2m\u001b[22m\n\u001b[2m          at async Promise.all (index 0)\u001b[22m\n\u001b[2m      \u001b[2mat TestingInjector.resolveConstructorParams (\u001b[22m\u001b[2m../node_modules/@nestjs/core/injector/injector.js\u001b[2m:144:27)\u001b[22m\u001b[2m\u001b[22m\n\u001b[2m      \u001b[2mat TestingInjector.loadInstance (\u001b[22m\u001b[2m../node_modules/@nestjs/core/injector/injector.js\u001b[2m:70:13)\u001b[22m\u001b[2m\u001b[22m\n\u001b[2m      \u001b[2mat TestingInjector.loadProvider (\u001b[22m\u001b[2m../node_modules/@nestjs/core/injector/injector.js\u001b[2m:98:9)\u001b[22m\u001b[2m\u001b[22m\n\u001b[2m      \u001b[2mat \u001b[22m\u001b[2m../node_modules/@nestjs/core/injector/instance-loader.js\u001b[2m:56:13\u001b[22m\u001b[2m\u001b[22m\n\u001b[2m          at async Promise.all (index 3)\u001b[22m\n\u001b[2m      \u001b[2mat TestingInstanceLoader.createInstancesOfProviders (\u001b[22m\u001b[2m../node_modules/@nestjs/core/injector/instance-loader.js\u001b[2m:55:9)\u001b[22m\u001b[2m\u001b[22m\n\u001b[2m      \u001b[2mat \u001b[22m\u001b[2m../node_modules/@nestjs/core/injector/instance-loader.js\u001b[2m:40:13\u001b[22m\u001b[2m\u001b[22m\n\u001b[2m          at async Promise.all (index 1)\u001b[22m\n\u001b[2m      \u001b[2mat TestingInstanceLoader.createInstances (\u001b[22m\u001b[2m../node_modules/@nestjs/core/injector/instance-loader.js\u001b[2m:39:9)\u001b[22m\u001b[2m\u001b[22m\n\u001b[2m      \u001b[2mat TestingInstanceLoader.createInstancesOfDependencies (\u001b[22m\u001b[2m../node_modules/@nestjs/core/injector/instance-loader.js\u001b[2m:22:13)\u001b[22m\u001b[2m\u001b[22m\n\u001b[2m      \u001b[2mat TestingInstanceLoader.createInstancesOfDependencies (\u001b[22m\u001b[2m../node_modules/@nestjs/testing/testing-instance-loader.js\u001b[2m:9:9)\u001b[22m\u001b[2m\u001b[22m\n\u001b[2m      \u001b[2mat TestingModuleBuilder.createInstancesOfDependencies (\u001b[22m\u001b[2m../node_modules/@nestjs/testing/testing-module.builder.js\u001b[2m:118:9)\u001b[22m\u001b[2m\u001b[22m\n\u001b[2m      \u001b[2mat TestingModuleBuilder.compile (\u001b[22m\u001b[2m../node_modules/@nestjs/testing/testing-module.builder.js\u001b[2m:74:9)\u001b[22m\u001b[2m\u001b[22m\n\u001b[2m      \u001b[2mat Object.<anonymous> (\u001b[22m\u001b[2m\u001b[0m\u001b[36mwebhook/webhook.service.spec.ts\u001b[39m\u001b[0m\u001b[2m:8:35)\u001b[22m\u001b[2m\u001b[22m\n","name":"C:\\Users\\Hp\\Downloads\\workflowguard_app-main\\backend\\src\\webhook\\webhook.service.spec.ts","startTime":1755413915498,"status":"failed","summary":""},{"assertionResults":[{"ancestorTitles":["AuthService"],"duration":78,"failureDetails":[{"type":"AuthService","context":{"index":0,"dependencies":[null,null,null,null]},"metadata":{"id":"445583789b2f3869ea611"},"moduleRef":{"id":"31cdab24df445583789b2"}}],"failureMessages":["Error: Nest can't resolve dependencies of the AuthService (?, UserService, JwtService, UserSignupService). Please make sure that the argument PrismaService at index [0] is available in the RootTestModule context.\n\nPotential solutions:\n- Is RootTestModule a valid NestJS module?\n- If PrismaService is a provider, is it part of the current RootTestModule?\n- If PrismaService is exported from a separate @Module, is that module imported within RootTestModule?\n  @Module({\n    imports: [ /* the Module containing PrismaService */ ]\n  })\n\n    at TestingInjector.lookupComponentInParentModules (C:\\Users\\Hp\\Downloads\\workflowguard_app-main\\backend\\node_modules\\@nestjs\\core\\injector\\injector.js:262:19)\n    at processTicksAndRejections (node:internal/process/task_queues:105:5)\n    at TestingInjector.resolveComponentInstance (C:\\Users\\Hp\\Downloads\\workflowguard_app-main\\backend\\node_modules\\@nestjs\\core\\injector\\injector.js:215:33)\n    at TestingInjector.resolveComponentInstance (C:\\Users\\Hp\\Downloads\\workflowguard_app-main\\backend\\node_modules\\@nestjs\\testing\\testing-injector.js:19:45)\n    at resolveParam (C:\\Users\\Hp\\Downloads\\workflowguard_app-main\\backend\\node_modules\\@nestjs\\core\\injector\\injector.js:129:38)\n    at async Promise.all (index 0)\n    at TestingInjector.resolveConstructorParams (C:\\Users\\Hp\\Downloads\\workflowguard_app-main\\backend\\node_modules\\@nestjs\\core\\injector\\injector.js:144:27)\n    at TestingInjector.loadInstance (C:\\Users\\Hp\\Downloads\\workflowguard_app-main\\backend\\node_modules\\@nestjs\\core\\injector\\injector.js:70:13)\n    at TestingInjector.loadProvider (C:\\Users\\Hp\\Downloads\\workflowguard_app-main\\backend\\node_modules\\@nestjs\\core\\injector\\injector.js:98:9)\n    at C:\\Users\\Hp\\Downloads\\workflowguard_app-main\\backend\\node_modules\\@nestjs\\core\\injector\\instance-loader.js:56:13\n    at async Promise.all (index 3)\n    at TestingInstanceLoader.createInstancesOfProviders (C:\\Users\\Hp\\Downloads\\workflowguard_app-main\\backend\\node_modules\\@nestjs\\core\\injector\\instance-loader.js:55:9)\n    at C:\\Users\\Hp\\Downloads\\workflowguard_app-main\\backend\\node_modules\\@nestjs\\core\\injector\\instance-loader.js:40:13\n    at async Promise.all (index 1)\n    at TestingInstanceLoader.createInstances (C:\\Users\\Hp\\Downloads\\workflowguard_app-main\\backend\\node_modules\\@nestjs\\core\\injector\\instance-loader.js:39:9)\n    at TestingInstanceLoader.createInstancesOfDependencies (C:\\Users\\Hp\\Downloads\\workflowguard_app-main\\backend\\node_modules\\@nestjs\\core\\injector\\instance-loader.js:22:13)\n    at TestingInstanceLoader.createInstancesOfDependencies (C:\\Users\\Hp\\Downloads\\workflowguard_app-main\\backend\\node_modules\\@nestjs\\testing\\testing-instance-loader.js:9:9)\n    at TestingModuleBuilder.createInstancesOfDependencies (C:\\Users\\Hp\\Downloads\\workflowguard_app-main\\backend\\node_modules\\@nestjs\\testing\\testing-module.builder.js:118:9)\n    at TestingModuleBuilder.compile (C:\\Users\\Hp\\Downloads\\workflowguard_app-main\\backend\\node_modules\\@nestjs\\testing\\testing-module.builder.js:74:9)\n    at Object.<anonymous> (C:\\Users\\Hp\\Downloads\\workflowguard_app-main\\backend\\src\\auth\\auth.service.spec.ts:8:35)"],"fullName":"AuthService should be defined","invocations":1,"location":null,"numPassingAsserts":0,"retryReasons":[],"status":"failed","title":"should be defined"}],"endTime":1755413930088,"message":"\u001b[1m\u001b[31m  \u001b[1m● \u001b[22m\u001b[1mAuthService › should be defined\u001b[39m\u001b[22m\n\n    Nest can't resolve dependencies of the AuthService (?, UserService, JwtService, UserSignupService). Please make sure that the argument PrismaService at index [0] is available in the RootTestModule context.\n\n    Potential solutions:\n    - Is RootTestModule a valid NestJS module?\n    - If PrismaService is a provider, is it part of the current RootTestModule?\n    - If PrismaService is exported from a separate @Module, is that module imported within RootTestModule?\n      @Module({\n        imports: [ /* the Module containing PrismaService */ ]\n      })\n\u001b[2m\u001b[22m\n\u001b[2m    \u001b[0m \u001b[90m  6 |\u001b[39m\u001b[22m\n\u001b[2m     \u001b[90m  7 |\u001b[39m   beforeEach(\u001b[36masync\u001b[39m () \u001b[33m=>\u001b[39m {\u001b[22m\n\u001b[2m    \u001b[31m\u001b[1m>\u001b[22m\u001b[2m\u001b[39m\u001b[90m  8 |\u001b[39m     \u001b[36mconst\u001b[39m module\u001b[33m:\u001b[39m \u001b[33mTestingModule\u001b[39m \u001b[33m=\u001b[39m \u001b[36mawait\u001b[39m \u001b[33mTest\u001b[39m\u001b[33m.\u001b[39mcreateTestingModule({\u001b[22m\n\u001b[2m     \u001b[90m    |\u001b[39m                                   \u001b[31m\u001b[1m^\u001b[22m\u001b[2m\u001b[39m\u001b[22m\n\u001b[2m     \u001b[90m  9 |\u001b[39m       providers\u001b[33m:\u001b[39m [\u001b[33mAuthService\u001b[39m]\u001b[33m,\u001b[39m\u001b[22m\n\u001b[2m     \u001b[90m 10 |\u001b[39m     })\u001b[33m.\u001b[39mcompile()\u001b[33m;\u001b[39m\u001b[22m\n\u001b[2m     \u001b[90m 11 |\u001b[39m\u001b[0m\u001b[22m\n\u001b[2m\u001b[22m\n\u001b[2m      \u001b[2mat TestingInjector.lookupComponentInParentModules (\u001b[22m\u001b[2m../node_modules/@nestjs/core/injector/injector.js\u001b[2m:262:19)\u001b[22m\u001b[2m\u001b[22m\n\u001b[2m      \u001b[2mat TestingInjector.resolveComponentInstance (\u001b[22m\u001b[2m../node_modules/@nestjs/core/injector/injector.js\u001b[2m:215:33)\u001b[22m\u001b[2m\u001b[22m\n\u001b[2m      \u001b[2mat TestingInjector.resolveComponentInstance (\u001b[22m\u001b[2m../node_modules/@nestjs/testing/testing-injector.js\u001b[2m:19:45)\u001b[22m\u001b[2m\u001b[22m\n\u001b[2m      \u001b[2mat resolveParam (\u001b[22m\u001b[2m../node_modules/@nestjs/core/injector/injector.js\u001b[2m:129:38)\u001b[22m\u001b[2m\u001b[22m\n\u001b[2m          at async Promise.all (index 0)\u001b[22m\n\u001b[2m      \u001b[2mat TestingInjector.resolveConstructorParams (\u001b[22m\u001b[2m../node_modules/@nestjs/core/injector/injector.js\u001b[2m:144:27)\u001b[22m\u001b[2m\u001b[22m\n\u001b[2m      \u001b[2mat TestingInjector.loadInstance (\u001b[22m\u001b[2m../node_modules/@nestjs/core/injector/injector.js\u001b[2m:70:13)\u001b[22m\u001b[2m\u001b[22m\n\u001b[2m      \u001b[2mat TestingInjector.loadProvider (\u001b[22m\u001b[2m../node_modules/@nestjs/core/injector/injector.js\u001b[2m:98:9)\u001b[22m\u001b[2m\u001b[22m\n\u001b[2m      \u001b[2mat \u001b[22m\u001b[2m../node_modules/@nestjs/core/injector/instance-loader.js\u001b[2m:56:13\u001b[22m\u001b[2m\u001b[22m\n\u001b[2m          at async Promise.all (index 3)\u001b[22m\n\u001b[2m      \u001b[2mat TestingInstanceLoader.createInstancesOfProviders (\u001b[22m\u001b[2m../node_modules/@nestjs/core/injector/instance-loader.js\u001b[2m:55:9)\u001b[22m\u001b[2m\u001b[22m\n\u001b[2m      \u001b[2mat \u001b[22m\u001b[2m../node_modules/@nestjs/core/injector/instance-loader.js\u001b[2m:40:13\u001b[22m\u001b[2m\u001b[22m\n\u001b[2m          at async Promise.all (index 1)\u001b[22m\n\u001b[2m      \u001b[2mat TestingInstanceLoader.createInstances (\u001b[22m\u001b[2m../node_modules/@nestjs/core/injector/instance-loader.js\u001b[2m:39:9)\u001b[22m\u001b[2m\u001b[22m\n\u001b[2m      \u001b[2mat TestingInstanceLoader.createInstancesOfDependencies (\u001b[22m\u001b[2m../node_modules/@nestjs/core/injector/instance-loader.js\u001b[2m:22:13)\u001b[22m\u001b[2m\u001b[22m\n\u001b[2m      \u001b[2mat TestingInstanceLoader.createInstancesOfDependencies (\u001b[22m\u001b[2m../node_modules/@nestjs/testing/testing-instance-loader.js\u001b[2m:9:9)\u001b[22m\u001b[2m\u001b[22m\n\u001b[2m      \u001b[2mat TestingModuleBuilder.createInstancesOfDependencies (\u001b[22m\u001b[2m../node_modules/@nestjs/testing/testing-module.builder.js\u001b[2m:118:9)\u001b[22m\u001b[2m\u001b[22m\n\u001b[2m      \u001b[2mat TestingModuleBuilder.compile (\u001b[22m\u001b[2m../node_modules/@nestjs/testing/testing-module.builder.js\u001b[2m:74:9)\u001b[22m\u001b[2m\u001b[22m\n\u001b[2m      \u001b[2mat Object.<anonymous> (\u001b[22m\u001b[2m\u001b[0m\u001b[36mauth/auth.service.spec.ts\u001b[39m\u001b[0m\u001b[2m:8:35)\u001b[22m\u001b[2m\u001b[22m\n","name":"C:\\Users\\Hp\\Downloads\\workflowguard_app-main\\backend\\src\\auth\\auth.service.spec.ts","startTime":1755413915533,"status":"failed","summary":""},{"assertionResults":[{"ancestorTitles":["UserController"],"duration":62,"failureDetails":[{"type":"UserController","context":{"index":0,"dependencies":[null]},"metadata":{"id":"64797a8d5f95756f62dee"},"moduleRef":{"id":"a35145603164797a8d5f9"}}],"failureMessages":["Error: Nest can't resolve dependencies of the UserController (?). Please make sure that the argument UserService at index [0] is available in the RootTestModule context.\n\nPotential solutions:\n- Is RootTestModule a valid NestJS module?\n- If UserService is a provider, is it part of the current RootTestModule?\n- If UserService is exported from a separate @Module, is that module imported within RootTestModule?\n  @Module({\n    imports: [ /* the Module containing UserService */ ]\n  })\n\n    at TestingInjector.lookupComponentInParentModules (C:\\Users\\Hp\\Downloads\\workflowguard_app-main\\backend\\node_modules\\@nestjs\\core\\injector\\injector.js:262:19)\n    at processTicksAndRejections (node:internal/process/task_queues:105:5)\n    at TestingInjector.resolveComponentInstance (C:\\Users\\Hp\\Downloads\\workflowguard_app-main\\backend\\node_modules\\@nestjs\\core\\injector\\injector.js:215:33)\n    at TestingInjector.resolveComponentInstance (C:\\Users\\Hp\\Downloads\\workflowguard_app-main\\backend\\node_modules\\@nestjs\\testing\\testing-injector.js:19:45)\n    at resolveParam (C:\\Users\\Hp\\Downloads\\workflowguard_app-main\\backend\\node_modules\\@nestjs\\core\\injector\\injector.js:129:38)\n    at async Promise.all (index 0)\n    at TestingInjector.resolveConstructorParams (C:\\Users\\Hp\\Downloads\\workflowguard_app-main\\backend\\node_modules\\@nestjs\\core\\injector\\injector.js:144:27)\n    at TestingInjector.loadInstance (C:\\Users\\Hp\\Downloads\\workflowguard_app-main\\backend\\node_modules\\@nestjs\\core\\injector\\injector.js:70:13)\n    at TestingInjector.loadController (C:\\Users\\Hp\\Downloads\\workflowguard_app-main\\backend\\node_modules\\@nestjs\\core\\injector\\injector.js:89:9)\n    at C:\\Users\\Hp\\Downloads\\workflowguard_app-main\\backend\\node_modules\\@nestjs\\core\\injector\\instance-loader.js:68:13\n    at async Promise.all (index 0)\n    at TestingInstanceLoader.createInstancesOfControllers (C:\\Users\\Hp\\Downloads\\workflowguard_app-main\\backend\\node_modules\\@nestjs\\core\\injector\\instance-loader.js:67:9)\n    at C:\\Users\\Hp\\Downloads\\workflowguard_app-main\\backend\\node_modules\\@nestjs\\core\\injector\\instance-loader.js:42:13\n    at async Promise.all (index 1)\n    at TestingInstanceLoader.createInstances (C:\\Users\\Hp\\Downloads\\workflowguard_app-main\\backend\\node_modules\\@nestjs\\core\\injector\\instance-loader.js:39:9)\n    at TestingInstanceLoader.createInstancesOfDependencies (C:\\Users\\Hp\\Downloads\\workflowguard_app-main\\backend\\node_modules\\@nestjs\\core\\injector\\instance-loader.js:22:13)\n    at TestingInstanceLoader.createInstancesOfDependencies (C:\\Users\\Hp\\Downloads\\workflowguard_app-main\\backend\\node_modules\\@nestjs\\testing\\testing-instance-loader.js:9:9)\n    at TestingModuleBuilder.createInstancesOfDependencies (C:\\Users\\Hp\\Downloads\\workflowguard_app-main\\backend\\node_modules\\@nestjs\\testing\\testing-module.builder.js:118:9)\n    at TestingModuleBuilder.compile (C:\\Users\\Hp\\Downloads\\workflowguard_app-main\\backend\\node_modules\\@nestjs\\testing\\testing-module.builder.js:74:9)\n    at Object.<anonymous> (C:\\Users\\Hp\\Downloads\\workflowguard_app-main\\backend\\src\\user\\user.controller.spec.ts:8:35)"],"fullName":"UserController should be defined","invocations":1,"location":null,"numPassingAsserts":0,"retryReasons":[],"status":"failed","title":"should be defined"}],"endTime":1755413930504,"message":"\u001b[1m\u001b[31m  \u001b[1m● \u001b[22m\u001b[1mUserController › should be defined\u001b[39m\u001b[22m\n\n    Nest can't resolve dependencies of the UserController (?). Please make sure that the argument UserService at index [0] is available in the RootTestModule context.\n\n    Potential solutions:\n    - Is RootTestModule a valid NestJS module?\n    - If UserService is a provider, is it part of the current RootTestModule?\n    - If UserService is exported from a separate @Module, is that module imported within RootTestModule?\n      @Module({\n        imports: [ /* the Module containing UserService */ ]\n      })\n\u001b[2m\u001b[22m\n\u001b[2m    \u001b[0m \u001b[90m  6 |\u001b[39m\u001b[22m\n\u001b[2m     \u001b[90m  7 |\u001b[39m   beforeEach(\u001b[36masync\u001b[39m () \u001b[33m=>\u001b[39m {\u001b[22m\n\u001b[2m    \u001b[31m\u001b[1m>\u001b[22m\u001b[2m\u001b[39m\u001b[90m  8 |\u001b[39m     \u001b[36mconst\u001b[39m module\u001b[33m:\u001b[39m \u001b[33mTestingModule\u001b[39m \u001b[33m=\u001b[39m \u001b[36mawait\u001b[39m \u001b[33mTest\u001b[39m\u001b[33m.\u001b[39mcreateTestingModule({\u001b[22m\n\u001b[2m     \u001b[90m    |\u001b[39m                                   \u001b[31m\u001b[1m^\u001b[22m\u001b[2m\u001b[39m\u001b[22m\n\u001b[2m     \u001b[90m  9 |\u001b[39m       controllers\u001b[33m:\u001b[39m [\u001b[33mUserController\u001b[39m]\u001b[33m,\u001b[39m\u001b[22m\n\u001b[2m     \u001b[90m 10 |\u001b[39m     })\u001b[33m.\u001b[39mcompile()\u001b[33m;\u001b[39m\u001b[22m\n\u001b[2m     \u001b[90m 11 |\u001b[39m\u001b[0m\u001b[22m\n\u001b[2m\u001b[22m\n\u001b[2m      \u001b[2mat TestingInjector.lookupComponentInParentModules (\u001b[22m\u001b[2m../node_modules/@nestjs/core/injector/injector.js\u001b[2m:262:19)\u001b[22m\u001b[2m\u001b[22m\n\u001b[2m      \u001b[2mat TestingInjector.resolveComponentInstance (\u001b[22m\u001b[2m../node_modules/@nestjs/core/injector/injector.js\u001b[2m:215:33)\u001b[22m\u001b[2m\u001b[22m\n\u001b[2m      \u001b[2mat TestingInjector.resolveComponentInstance (\u001b[22m\u001b[2m../node_modules/@nestjs/testing/testing-injector.js\u001b[2m:19:45)\u001b[22m\u001b[2m\u001b[22m\n\u001b[2m      \u001b[2mat resolveParam (\u001b[22m\u001b[2m../node_modules/@nestjs/core/injector/injector.js\u001b[2m:129:38)\u001b[22m\u001b[2m\u001b[22m\n\u001b[2m          at async Promise.all (index 0)\u001b[22m\n\u001b[2m      \u001b[2mat TestingInjector.resolveConstructorParams (\u001b[22m\u001b[2m../node_modules/@nestjs/core/injector/injector.js\u001b[2m:144:27)\u001b[22m\u001b[2m\u001b[22m\n\u001b[2m      \u001b[2mat TestingInjector.loadInstance (\u001b[22m\u001b[2m../node_modules/@nestjs/core/injector/injector.js\u001b[2m:70:13)\u001b[22m\u001b[2m\u001b[22m\n\u001b[2m      \u001b[2mat TestingInjector.loadController (\u001b[22m\u001b[2m../node_modules/@nestjs/core/injector/injector.js\u001b[2m:89:9)\u001b[22m\u001b[2m\u001b[22m\n\u001b[2m      \u001b[2mat \u001b[22m\u001b[2m../node_modules/@nestjs/core/injector/instance-loader.js\u001b[2m:68:13\u001b[22m\u001b[2m\u001b[22m\n\u001b[2m          at async Promise.all (index 0)\u001b[22m\n\u001b[2m      \u001b[2mat TestingInstanceLoader.createInstancesOfControllers (\u001b[22m\u001b[2m../node_modules/@nestjs/core/injector/instance-loader.js\u001b[2m:67:9)\u001b[22m\u001b[2m\u001b[22m\n\u001b[2m      \u001b[2mat \u001b[22m\u001b[2m../node_modules/@nestjs/core/injector/instance-loader.js\u001b[2m:42:13\u001b[22m\u001b[2m\u001b[22m\n\u001b[2m          at async Promise.all (index 1)\u001b[22m\n\u001b[2m      \u001b[2mat TestingInstanceLoader.createInstances (\u001b[22m\u001b[2m../node_modules/@nestjs/core/injector/instance-loader.js\u001b[2m:39:9)\u001b[22m\u001b[2m\u001b[22m\n\u001b[2m      \u001b[2mat TestingInstanceLoader.createInstancesOfDependencies (\u001b[22m\u001b[2m../node_modules/@nestjs/core/injector/instance-loader.js\u001b[2m:22:13)\u001b[22m\u001b[2m\u001b[22m\n\u001b[2m      \u001b[2mat TestingInstanceLoader.createInstancesOfDependencies (\u001b[22m\u001b[2m../node_modules/@nestjs/testing/testing-instance-loader.js\u001b[2m:9:9)\u001b[22m\u001b[2m\u001b[22m\n\u001b[2m      \u001b[2mat TestingModuleBuilder.createInstancesOfDependencies (\u001b[22m\u001b[2m../node_modules/@nestjs/testing/testing-module.builder.js\u001b[2m:118:9)\u001b[22m\u001b[2m\u001b[22m\n\u001b[2m      \u001b[2mat TestingModuleBuilder.compile (\u001b[22m\u001b[2m../node_modules/@nestjs/testing/testing-module.builder.js\u001b[2m:74:9)\u001b[22m\u001b[2m\u001b[22m\n\u001b[2m      \u001b[2mat Object.<anonymous> (\u001b[22m\u001b[2m\u001b[0m\u001b[36muser/user.controller.spec.ts\u001b[39m\u001b[0m\u001b[2m:8:35)\u001b[22m\u001b[2m\u001b[22m\n","name":"C:\\Users\\Hp\\Downloads\\workflowguard_app-main\\backend\\src\\user\\user.controller.spec.ts","startTime":1755413915440,"status":"failed","summary":""},{"assertionResults":[{"ancestorTitles":["AuthController"],"duration":60,"failureDetails":[{"type":"AuthController","context":{"index":0,"dependencies":[null,null]},"metadata":{"id":"b7fd7864f1c295dc7c004"},"moduleRef":{"id":"094e965f39b7fd7864f1c"}}],"failureMessages":["Error: Nest can't resolve dependencies of the AuthController (?, PrismaService). Please make sure that the argument AuthService at index [0] is available in the RootTestModule context.\n\nPotential solutions:\n- Is RootTestModule a valid NestJS module?\n- If AuthService is a provider, is it part of the current RootTestModule?\n- If AuthService is exported from a separate @Module, is that module imported within RootTestModule?\n  @Module({\n    imports: [ /* the Module containing AuthService */ ]\n  })\n\n    at TestingInjector.lookupComponentInParentModules (C:\\Users\\Hp\\Downloads\\workflowguard_app-main\\backend\\node_modules\\@nestjs\\core\\injector\\injector.js:262:19)\n    at processTicksAndRejections (node:internal/process/task_queues:105:5)\n    at TestingInjector.resolveComponentInstance (C:\\Users\\Hp\\Downloads\\workflowguard_app-main\\backend\\node_modules\\@nestjs\\core\\injector\\injector.js:215:33)\n    at TestingInjector.resolveComponentInstance (C:\\Users\\Hp\\Downloads\\workflowguard_app-main\\backend\\node_modules\\@nestjs\\testing\\testing-injector.js:19:45)\n    at resolveParam (C:\\Users\\Hp\\Downloads\\workflowguard_app-main\\backend\\node_modules\\@nestjs\\core\\injector\\injector.js:129:38)\n    at async Promise.all (index 0)\n    at TestingInjector.resolveConstructorParams (C:\\Users\\Hp\\Downloads\\workflowguard_app-main\\backend\\node_modules\\@nestjs\\core\\injector\\injector.js:144:27)\n    at TestingInjector.loadInstance (C:\\Users\\Hp\\Downloads\\workflowguard_app-main\\backend\\node_modules\\@nestjs\\core\\injector\\injector.js:70:13)\n    at TestingInjector.loadController (C:\\Users\\Hp\\Downloads\\workflowguard_app-main\\backend\\node_modules\\@nestjs\\core\\injector\\injector.js:89:9)\n    at C:\\Users\\Hp\\Downloads\\workflowguard_app-main\\backend\\node_modules\\@nestjs\\core\\injector\\instance-loader.js:68:13\n    at async Promise.all (index 0)\n    at TestingInstanceLoader.createInstancesOfControllers (C:\\Users\\Hp\\Downloads\\workflowguard_app-main\\backend\\node_modules\\@nestjs\\core\\injector\\instance-loader.js:67:9)\n    at C:\\Users\\Hp\\Downloads\\workflowguard_app-main\\backend\\node_modules\\@nestjs\\core\\injector\\instance-loader.js:42:13\n    at async Promise.all (index 1)\n    at TestingInstanceLoader.createInstances (C:\\Users\\Hp\\Downloads\\workflowguard_app-main\\backend\\node_modules\\@nestjs\\core\\injector\\instance-loader.js:39:9)\n    at TestingInstanceLoader.createInstancesOfDependencies (C:\\Users\\Hp\\Downloads\\workflowguard_app-main\\backend\\node_modules\\@nestjs\\core\\injector\\instance-loader.js:22:13)\n    at TestingInstanceLoader.createInstancesOfDependencies (C:\\Users\\Hp\\Downloads\\workflowguard_app-main\\backend\\node_modules\\@nestjs\\testing\\testing-instance-loader.js:9:9)\n    at TestingModuleBuilder.createInstancesOfDependencies (C:\\Users\\Hp\\Downloads\\workflowguard_app-main\\backend\\node_modules\\@nestjs\\testing\\testing-module.builder.js:118:9)\n    at TestingModuleBuilder.compile (C:\\Users\\Hp\\Downloads\\workflowguard_app-main\\backend\\node_modules\\@nestjs\\testing\\testing-module.builder.js:74:9)\n    at Object.<anonymous> (C:\\Users\\Hp\\Downloads\\workflowguard_app-main\\backend\\src\\auth\\auth.controller.spec.ts:8:35)"],"fullName":"AuthController should be defined","invocations":1,"location":null,"numPassingAsserts":0,"retryReasons":[],"status":"failed","title":"should be defined"}],"endTime":1755413930551,"message":"\u001b[1m\u001b[31m  \u001b[1m● \u001b[22m\u001b[1mAuthController › should be defined\u001b[39m\u001b[22m\n\n    Nest can't resolve dependencies of the AuthController (?, PrismaService). Please make sure that the argument AuthService at index [0] is available in the RootTestModule context.\n\n    Potential solutions:\n    - Is RootTestModule a valid NestJS module?\n    - If AuthService is a provider, is it part of the current RootTestModule?\n    - If AuthService is exported from a separate @Module, is that module imported within RootTestModule?\n      @Module({\n        imports: [ /* the Module containing AuthService */ ]\n      })\n\u001b[2m\u001b[22m\n\u001b[2m    \u001b[0m \u001b[90m  6 |\u001b[39m\u001b[22m\n\u001b[2m     \u001b[90m  7 |\u001b[39m   beforeEach(\u001b[36masync\u001b[39m () \u001b[33m=>\u001b[39m {\u001b[22m\n\u001b[2m    \u001b[31m\u001b[1m>\u001b[22m\u001b[2m\u001b[39m\u001b[90m  8 |\u001b[39m     \u001b[36mconst\u001b[39m module\u001b[33m:\u001b[39m \u001b[33mTestingModule\u001b[39m \u001b[33m=\u001b[39m \u001b[36mawait\u001b[39m \u001b[33mTest\u001b[39m\u001b[33m.\u001b[39mcreateTestingModule({\u001b[22m\n\u001b[2m     \u001b[90m    |\u001b[39m                                   \u001b[31m\u001b[1m^\u001b[22m\u001b[2m\u001b[39m\u001b[22m\n\u001b[2m     \u001b[90m  9 |\u001b[39m       controllers\u001b[33m:\u001b[39m [\u001b[33mAuthController\u001b[39m]\u001b[33m,\u001b[39m\u001b[22m\n\u001b[2m     \u001b[90m 10 |\u001b[39m     })\u001b[33m.\u001b[39mcompile()\u001b[33m;\u001b[39m\u001b[22m\n\u001b[2m     \u001b[90m 11 |\u001b[39m\u001b[0m\u001b[22m\n\u001b[2m\u001b[22m\n\u001b[2m      \u001b[2mat TestingInjector.lookupComponentInParentModules (\u001b[22m\u001b[2m../node_modules/@nestjs/core/injector/injector.js\u001b[2m:262:19)\u001b[22m\u001b[2m\u001b[22m\n\u001b[2m      \u001b[2mat TestingInjector.resolveComponentInstance (\u001b[22m\u001b[2m../node_modules/@nestjs/core/injector/injector.js\u001b[2m:215:33)\u001b[22m\u001b[2m\u001b[22m\n\u001b[2m      \u001b[2mat TestingInjector.resolveComponentInstance (\u001b[22m\u001b[2m../node_modules/@nestjs/testing/testing-injector.js\u001b[2m:19:45)\u001b[22m\u001b[2m\u001b[22m\n\u001b[2m      \u001b[2mat resolveParam (\u001b[22m\u001b[2m../node_modules/@nestjs/core/injector/injector.js\u001b[2m:129:38)\u001b[22m\u001b[2m\u001b[22m\n\u001b[2m          at async Promise.all (index 0)\u001b[22m\n\u001b[2m      \u001b[2mat TestingInjector.resolveConstructorParams (\u001b[22m\u001b[2m../node_modules/@nestjs/core/injector/injector.js\u001b[2m:144:27)\u001b[22m\u001b[2m\u001b[22m\n\u001b[2m      \u001b[2mat TestingInjector.loadInstance (\u001b[22m\u001b[2m../node_modules/@nestjs/core/injector/injector.js\u001b[2m:70:13)\u001b[22m\u001b[2m\u001b[22m\n\u001b[2m      \u001b[2mat TestingInjector.loadController (\u001b[22m\u001b[2m../node_modules/@nestjs/core/injector/injector.js\u001b[2m:89:9)\u001b[22m\u001b[2m\u001b[22m\n\u001b[2m      \u001b[2mat \u001b[22m\u001b[2m../node_modules/@nestjs/core/injector/instance-loader.js\u001b[2m:68:13\u001b[22m\u001b[2m\u001b[22m\n\u001b[2m          at async Promise.all (index 0)\u001b[22m\n\u001b[2m      \u001b[2mat TestingInstanceLoader.createInstancesOfControllers (\u001b[22m\u001b[2m../node_modules/@nestjs/core/injector/instance-loader.js\u001b[2m:67:9)\u001b[22m\u001b[2m\u001b[22m\n\u001b[2m      \u001b[2mat \u001b[22m\u001b[2m../node_modules/@nestjs/core/injector/instance-loader.js\u001b[2m:42:13\u001b[22m\u001b[2m\u001b[22m\n\u001b[2m          at async Promise.all (index 1)\u001b[22m\n\u001b[2m      \u001b[2mat TestingInstanceLoader.createInstances (\u001b[22m\u001b[2m../node_modules/@nestjs/core/injector/instance-loader.js\u001b[2m:39:9)\u001b[22m\u001b[2m\u001b[22m\n\u001b[2m      \u001b[2mat TestingInstanceLoader.createInstancesOfDependencies (\u001b[22m\u001b[2m../node_modules/@nestjs/core/injector/instance-loader.js\u001b[2m:22:13)\u001b[22m\u001b[2m\u001b[22m\n\u001b[2m      \u001b[2mat TestingInstanceLoader.createInstancesOfDependencies (\u001b[22m\u001b[2m../node_modules/@nestjs/testing/testing-instance-loader.js\u001b[2m:9:9)\u001b[22m\u001b[2m\u001b[22m\n\u001b[2m      \u001b[2mat TestingModuleBuilder.createInstancesOfDependencies (\u001b[22m\u001b[2m../node_modules/@nestjs/testing/testing-module.builder.js\u001b[2m:118:9)\u001b[22m\u001b[2m\u001b[22m\n\u001b[2m      \u001b[2mat TestingModuleBuilder.compile (\u001b[22m\u001b[2m../node_modules/@nestjs/testing/testing-module.builder.js\u001b[2m:74:9)\u001b[22m\u001b[2m\u001b[22m\n\u001b[2m      \u001b[2mat Object.<anonymous> (\u001b[22m\u001b[2m\u001b[0m\u001b[36mauth/auth.controller.spec.ts\u001b[39m\u001b[0m\u001b[2m:8:35)\u001b[22m\u001b[2m\u001b[22m\n","name":"C:\\Users\\Hp\\Downloads\\workflowguard_app-main\\backend\\src\\auth\\auth.controller.spec.ts","startTime":1755413915531,"status":"failed","summary":""},{"assertionResults":[{"ancestorTitles":["UserService"],"duration":11,"failureDetails":[{"type":"UserService","context":{"index":0,"dependencies":[null]},"metadata":{"id":"57b49308d74cc42d1bb94"},"moduleRef":{"id":"f1a8fedee457b49308d74"}}],"failureMessages":["Error: Nest can't resolve dependencies of the UserService (?). Please make sure that the argument PrismaService at index [0] is available in the RootTestModule context.\n\nPotential solutions:\n- Is RootTestModule a valid NestJS module?\n- If PrismaService is a provider, is it part of the current RootTestModule?\n- If PrismaService is exported from a separate @Module, is that module imported within RootTestModule?\n  @Module({\n    imports: [ /* the Module containing PrismaService */ ]\n  })\n\n    at TestingInjector.lookupComponentInParentModules (C:\\Users\\Hp\\Downloads\\workflowguard_app-main\\backend\\node_modules\\@nestjs\\core\\injector\\injector.js:262:19)\n    at processTicksAndRejections (node:internal/process/task_queues:105:5)\n    at TestingInjector.resolveComponentInstance (C:\\Users\\Hp\\Downloads\\workflowguard_app-main\\backend\\node_modules\\@nestjs\\core\\injector\\injector.js:215:33)\n    at TestingInjector.resolveComponentInstance (C:\\Users\\Hp\\Downloads\\workflowguard_app-main\\backend\\node_modules\\@nestjs\\testing\\testing-injector.js:19:45)\n    at resolveParam (C:\\Users\\Hp\\Downloads\\workflowguard_app-main\\backend\\node_modules\\@nestjs\\core\\injector\\injector.js:129:38)\n    at async Promise.all (index 0)\n    at TestingInjector.resolveConstructorParams (C:\\Users\\Hp\\Downloads\\workflowguard_app-main\\backend\\node_modules\\@nestjs\\core\\injector\\injector.js:144:27)\n    at TestingInjector.loadInstance (C:\\Users\\Hp\\Downloads\\workflowguard_app-main\\backend\\node_modules\\@nestjs\\core\\injector\\injector.js:70:13)\n    at TestingInjector.loadProvider (C:\\Users\\Hp\\Downloads\\workflowguard_app-main\\backend\\node_modules\\@nestjs\\core\\injector\\injector.js:98:9)\n    at C:\\Users\\Hp\\Downloads\\workflowguard_app-main\\backend\\node_modules\\@nestjs\\core\\injector\\instance-loader.js:56:13\n    at async Promise.all (index 3)\n    at TestingInstanceLoader.createInstancesOfProviders (C:\\Users\\Hp\\Downloads\\workflowguard_app-main\\backend\\node_modules\\@nestjs\\core\\injector\\instance-loader.js:55:9)\n    at C:\\Users\\Hp\\Downloads\\workflowguard_app-main\\backend\\node_modules\\@nestjs\\core\\injector\\instance-loader.js:40:13\n    at async Promise.all (index 1)\n    at TestingInstanceLoader.createInstances (C:\\Users\\Hp\\Downloads\\workflowguard_app-main\\backend\\node_modules\\@nestjs\\core\\injector\\instance-loader.js:39:9)\n    at TestingInstanceLoader.createInstancesOfDependencies (C:\\Users\\Hp\\Downloads\\workflowguard_app-main\\backend\\node_modules\\@nestjs\\core\\injector\\instance-loader.js:22:13)\n    at TestingInstanceLoader.createInstancesOfDependencies (C:\\Users\\Hp\\Downloads\\workflowguard_app-main\\backend\\node_modules\\@nestjs\\testing\\testing-instance-loader.js:9:9)\n    at TestingModuleBuilder.createInstancesOfDependencies (C:\\Users\\Hp\\Downloads\\workflowguard_app-main\\backend\\node_modules\\@nestjs\\testing\\testing-module.builder.js:118:9)\n    at TestingModuleBuilder.compile (C:\\Users\\Hp\\Downloads\\workflowguard_app-main\\backend\\node_modules\\@nestjs\\testing\\testing-module.builder.js:74:9)\n    at Object.<anonymous> (C:\\Users\\Hp\\Downloads\\workflowguard_app-main\\backend\\src\\user\\user.service.spec.ts:8:35)"],"fullName":"UserService should be defined","invocations":1,"location":null,"numPassingAsserts":0,"retryReasons":[],"status":"failed","title":"should be defined"}],"endTime":1755413930518,"message":"\u001b[1m\u001b[31m  \u001b[1m● \u001b[22m\u001b[1mUserService › should be defined\u001b[39m\u001b[22m\n\n    Nest can't resolve dependencies of the UserService (?). Please make sure that the argument PrismaService at index [0] is available in the RootTestModule context.\n\n    Potential solutions:\n    - Is RootTestModule a valid NestJS module?\n    - If PrismaService is a provider, is it part of the current RootTestModule?\n    - If PrismaService is exported from a separate @Module, is that module imported within RootTestModule?\n      @Module({\n        imports: [ /* the Module containing PrismaService */ ]\n      })\n\u001b[2m\u001b[22m\n\u001b[2m    \u001b[0m \u001b[90m  6 |\u001b[39m\u001b[22m\n\u001b[2m     \u001b[90m  7 |\u001b[39m   beforeEach(\u001b[36masync\u001b[39m () \u001b[33m=>\u001b[39m {\u001b[22m\n\u001b[2m    \u001b[31m\u001b[1m>\u001b[22m\u001b[2m\u001b[39m\u001b[90m  8 |\u001b[39m     \u001b[36mconst\u001b[39m module\u001b[33m:\u001b[39m \u001b[33mTestingModule\u001b[39m \u001b[33m=\u001b[39m \u001b[36mawait\u001b[39m \u001b[33mTest\u001b[39m\u001b[33m.\u001b[39mcreateTestingModule({\u001b[22m\n\u001b[2m     \u001b[90m    |\u001b[39m                                   \u001b[31m\u001b[1m^\u001b[22m\u001b[2m\u001b[39m\u001b[22m\n\u001b[2m     \u001b[90m  9 |\u001b[39m       providers\u001b[33m:\u001b[39m [\u001b[33mUserService\u001b[39m]\u001b[33m,\u001b[39m\u001b[22m\n\u001b[2m     \u001b[90m 10 |\u001b[39m     })\u001b[33m.\u001b[39mcompile()\u001b[33m;\u001b[39m\u001b[22m\n\u001b[2m     \u001b[90m 11 |\u001b[39m\u001b[0m\u001b[22m\n\u001b[2m\u001b[22m\n\u001b[2m      \u001b[2mat TestingInjector.lookupComponentInParentModules (\u001b[22m\u001b[2m../node_modules/@nestjs/core/injector/injector.js\u001b[2m:262:19)\u001b[22m\u001b[2m\u001b[22m\n\u001b[2m      \u001b[2mat TestingInjector.resolveComponentInstance (\u001b[22m\u001b[2m../node_modules/@nestjs/core/injector/injector.js\u001b[2m:215:33)\u001b[22m\u001b[2m\u001b[22m\n\u001b[2m      \u001b[2mat TestingInjector.resolveComponentInstance (\u001b[22m\u001b[2m../node_modules/@nestjs/testing/testing-injector.js\u001b[2m:19:45)\u001b[22m\u001b[2m\u001b[22m\n\u001b[2m      \u001b[2mat resolveParam (\u001b[22m\u001b[2m../node_modules/@nestjs/core/injector/injector.js\u001b[2m:129:38)\u001b[22m\u001b[2m\u001b[22m\n\u001b[2m          at async Promise.all (index 0)\u001b[22m\n\u001b[2m      \u001b[2mat TestingInjector.resolveConstructorParams (\u001b[22m\u001b[2m../node_modules/@nestjs/core/injector/injector.js\u001b[2m:144:27)\u001b[22m\u001b[2m\u001b[22m\n\u001b[2m      \u001b[2mat TestingInjector.loadInstance (\u001b[22m\u001b[2m../node_modules/@nestjs/core/injector/injector.js\u001b[2m:70:13)\u001b[22m\u001b[2m\u001b[22m\n\u001b[2m      \u001b[2mat TestingInjector.loadProvider (\u001b[22m\u001b[2m../node_modules/@nestjs/core/injector/injector.js\u001b[2m:98:9)\u001b[22m\u001b[2m\u001b[22m\n\u001b[2m      \u001b[2mat \u001b[22m\u001b[2m../node_modules/@nestjs/core/injector/instance-loader.js\u001b[2m:56:13\u001b[22m\u001b[2m\u001b[22m\n\u001b[2m          at async Promise.all (index 3)\u001b[22m\n\u001b[2m      \u001b[2mat TestingInstanceLoader.createInstancesOfProviders (\u001b[22m\u001b[2m../node_modules/@nestjs/core/injector/instance-loader.js\u001b[2m:55:9)\u001b[22m\u001b[2m\u001b[22m\n\u001b[2m      \u001b[2mat \u001b[22m\u001b[2m../node_modules/@nestjs/core/injector/instance-loader.js\u001b[2m:40:13\u001b[22m\u001b[2m\u001b[22m\n\u001b[2m          at async Promise.all (index 1)\u001b[22m\n\u001b[2m      \u001b[2mat TestingInstanceLoader.createInstances (\u001b[22m\u001b[2m../node_modules/@nestjs/core/injector/instance-loader.js\u001b[2m:39:9)\u001b[22m\u001b[2m\u001b[22m\n\u001b[2m      \u001b[2mat TestingInstanceLoader.createInstancesOfDependencies (\u001b[22m\u001b[2m../node_modules/@nestjs/core/injector/instance-loader.js\u001b[2m:22:13)\u001b[22m\u001b[2m\u001b[22m\n\u001b[2m      \u001b[2mat TestingInstanceLoader.createInstancesOfDependencies (\u001b[22m\u001b[2m../node_modules/@nestjs/testing/testing-instance-loader.js\u001b[2m:9:9)\u001b[22m\u001b[2m\u001b[22m\n\u001b[2m      \u001b[2mat TestingModuleBuilder.createInstancesOfDependencies (\u001b[22m\u001b[2m../node_modules/@nestjs/testing/testing-module.builder.js\u001b[2m:118:9)\u001b[22m\u001b[2m\u001b[22m\n\u001b[2m      \u001b[2mat TestingModuleBuilder.compile (\u001b[22m\u001b[2m../node_modules/@nestjs/testing/testing-module.builder.js\u001b[2m:74:9)\u001b[22m\u001b[2m\u001b[22m\n\u001b[2m      \u001b[2mat Object.<anonymous> (\u001b[22m\u001b[2m\u001b[0m\u001b[36muser/user.service.spec.ts\u001b[39m\u001b[0m\u001b[2m:8:35)\u001b[22m\u001b[2m\u001b[22m\n","name":"C:\\Users\\Hp\\Downloads\\workflowguard_app-main\\backend\\src\\user\\user.service.spec.ts","startTime":1755413929770,"status":"failed","summary":""},{"assertionResults":[{"ancestorTitles":["AuditLogService"],"duration":9,"failureDetails":[{"type":"AuditLogService","context":{"index":0,"dependencies":[null]},"metadata":{"id":"0ad8609346f16dbc6c02a"},"moduleRef":{"id":"ae73f3ea4d0ad8609346f"}}],"failureMessages":["Error: Nest can't resolve dependencies of the AuditLogService (?). Please make sure that the argument PrismaService at index [0] is available in the RootTestModule context.\n\nPotential solutions:\n- Is RootTestModule a valid NestJS module?\n- If PrismaService is a provider, is it part of the current RootTestModule?\n- If PrismaService is exported from a separate @Module, is that module imported within RootTestModule?\n  @Module({\n    imports: [ /* the Module containing PrismaService */ ]\n  })\n\n    at TestingInjector.lookupComponentInParentModules (C:\\Users\\Hp\\Downloads\\workflowguard_app-main\\backend\\node_modules\\@nestjs\\core\\injector\\injector.js:262:19)\n    at processTicksAndRejections (node:internal/process/task_queues:105:5)\n    at TestingInjector.resolveComponentInstance (C:\\Users\\Hp\\Downloads\\workflowguard_app-main\\backend\\node_modules\\@nestjs\\core\\injector\\injector.js:215:33)\n    at TestingInjector.resolveComponentInstance (C:\\Users\\Hp\\Downloads\\workflowguard_app-main\\backend\\node_modules\\@nestjs\\testing\\testing-injector.js:19:45)\n    at resolveParam (C:\\Users\\Hp\\Downloads\\workflowguard_app-main\\backend\\node_modules\\@nestjs\\core\\injector\\injector.js:129:38)\n    at async Promise.all (index 0)\n    at TestingInjector.resolveConstructorParams (C:\\Users\\Hp\\Downloads\\workflowguard_app-main\\backend\\node_modules\\@nestjs\\core\\injector\\injector.js:144:27)\n    at TestingInjector.loadInstance (C:\\Users\\Hp\\Downloads\\workflowguard_app-main\\backend\\node_modules\\@nestjs\\core\\injector\\injector.js:70:13)\n    at TestingInjector.loadProvider (C:\\Users\\Hp\\Downloads\\workflowguard_app-main\\backend\\node_modules\\@nestjs\\core\\injector\\injector.js:98:9)\n    at C:\\Users\\Hp\\Downloads\\workflowguard_app-main\\backend\\node_modules\\@nestjs\\core\\injector\\instance-loader.js:56:13\n    at async Promise.all (index 3)\n    at TestingInstanceLoader.createInstancesOfProviders (C:\\Users\\Hp\\Downloads\\workflowguard_app-main\\backend\\node_modules\\@nestjs\\core\\injector\\instance-loader.js:55:9)\n    at C:\\Users\\Hp\\Downloads\\workflowguard_app-main\\backend\\node_modules\\@nestjs\\core\\injector\\instance-loader.js:40:13\n    at async Promise.all (index 1)\n    at TestingInstanceLoader.createInstances (C:\\Users\\Hp\\Downloads\\workflowguard_app-main\\backend\\node_modules\\@nestjs\\core\\injector\\instance-loader.js:39:9)\n    at TestingInstanceLoader.createInstancesOfDependencies (C:\\Users\\Hp\\Downloads\\workflowguard_app-main\\backend\\node_modules\\@nestjs\\core\\injector\\instance-loader.js:22:13)\n    at TestingInstanceLoader.createInstancesOfDependencies (C:\\Users\\Hp\\Downloads\\workflowguard_app-main\\backend\\node_modules\\@nestjs\\testing\\testing-instance-loader.js:9:9)\n    at TestingModuleBuilder.createInstancesOfDependencies (C:\\Users\\Hp\\Downloads\\workflowguard_app-main\\backend\\node_modules\\@nestjs\\testing\\testing-module.builder.js:118:9)\n    at TestingModuleBuilder.compile (C:\\Users\\Hp\\Downloads\\workflowguard_app-main\\backend\\node_modules\\@nestjs\\testing\\testing-module.builder.js:74:9)\n    at Object.<anonymous> (C:\\Users\\Hp\\Downloads\\workflowguard_app-main\\backend\\src\\audit-log\\audit-log.service.spec.ts:8:35)"],"fullName":"AuditLogService should be defined","invocations":1,"location":null,"numPassingAsserts":0,"retryReasons":[],"status":"failed","title":"should be defined"}],"endTime":1755413930591,"message":"\u001b[1m\u001b[31m  \u001b[1m● \u001b[22m\u001b[1mAuditLogService › should be defined\u001b[39m\u001b[22m\n\n    Nest can't resolve dependencies of the AuditLogService (?). Please make sure that the argument PrismaService at index [0] is available in the RootTestModule context.\n\n    Potential solutions:\n    - Is RootTestModule a valid NestJS module?\n    - If PrismaService is a provider, is it part of the current RootTestModule?\n    - If PrismaService is exported from a separate @Module, is that module imported within RootTestModule?\n      @Module({\n        imports: [ /* the Module containing PrismaService */ ]\n      })\n\u001b[2m\u001b[22m\n\u001b[2m    \u001b[0m \u001b[90m  6 |\u001b[39m\u001b[22m\n\u001b[2m     \u001b[90m  7 |\u001b[39m   beforeEach(\u001b[36masync\u001b[39m () \u001b[33m=>\u001b[39m {\u001b[22m\n\u001b[2m    \u001b[31m\u001b[1m>\u001b[22m\u001b[2m\u001b[39m\u001b[90m  8 |\u001b[39m     \u001b[36mconst\u001b[39m module\u001b[33m:\u001b[39m \u001b[33mTestingModule\u001b[39m \u001b[33m=\u001b[39m \u001b[36mawait\u001b[39m \u001b[33mTest\u001b[39m\u001b[33m.\u001b[39mcreateTestingModule({\u001b[22m\n\u001b[2m     \u001b[90m    |\u001b[39m                                   \u001b[31m\u001b[1m^\u001b[22m\u001b[2m\u001b[39m\u001b[22m\n\u001b[2m     \u001b[90m  9 |\u001b[39m       providers\u001b[33m:\u001b[39m [\u001b[33mAuditLogService\u001b[39m]\u001b[33m,\u001b[39m\u001b[22m\n\u001b[2m     \u001b[90m 10 |\u001b[39m     })\u001b[33m.\u001b[39mcompile()\u001b[33m;\u001b[39m\u001b[22m\n\u001b[2m     \u001b[90m 11 |\u001b[39m\u001b[0m\u001b[22m\n\u001b[2m\u001b[22m\n\u001b[2m      \u001b[2mat TestingInjector.lookupComponentInParentModules (\u001b[22m\u001b[2m../node_modules/@nestjs/core/injector/injector.js\u001b[2m:262:19)\u001b[22m\u001b[2m\u001b[22m\n\u001b[2m      \u001b[2mat TestingInjector.resolveComponentInstance (\u001b[22m\u001b[2m../node_modules/@nestjs/core/injector/injector.js\u001b[2m:215:33)\u001b[22m\u001b[2m\u001b[22m\n\u001b[2m      \u001b[2mat TestingInjector.resolveComponentInstance (\u001b[22m\u001b[2m../node_modules/@nestjs/testing/testing-injector.js\u001b[2m:19:45)\u001b[22m\u001b[2m\u001b[22m\n\u001b[2m      \u001b[2mat resolveParam (\u001b[22m\u001b[2m../node_modules/@nestjs/core/injector/injector.js\u001b[2m:129:38)\u001b[22m\u001b[2m\u001b[22m\n\u001b[2m          at async Promise.all (index 0)\u001b[22m\n\u001b[2m      \u001b[2mat TestingInjector.resolveConstructorParams (\u001b[22m\u001b[2m../node_modules/@nestjs/core/injector/injector.js\u001b[2m:144:27)\u001b[22m\u001b[2m\u001b[22m\n\u001b[2m      \u001b[2mat TestingInjector.loadInstance (\u001b[22m\u001b[2m../node_modules/@nestjs/core/injector/injector.js\u001b[2m:70:13)\u001b[22m\u001b[2m\u001b[22m\n\u001b[2m      \u001b[2mat TestingInjector.loadProvider (\u001b[22m\u001b[2m../node_modules/@nestjs/core/injector/injector.js\u001b[2m:98:9)\u001b[22m\u001b[2m\u001b[22m\n\u001b[2m      \u001b[2mat \u001b[22m\u001b[2m../node_modules/@nestjs/core/injector/instance-loader.js\u001b[2m:56:13\u001b[22m\u001b[2m\u001b[22m\n\u001b[2m          at async Promise.all (index 3)\u001b[22m\n\u001b[2m      \u001b[2mat TestingInstanceLoader.createInstancesOfProviders (\u001b[22m\u001b[2m../node_modules/@nestjs/core/injector/instance-loader.js\u001b[2m:55:9)\u001b[22m\u001b[2m\u001b[22m\n\u001b[2m      \u001b[2mat \u001b[22m\u001b[2m../node_modules/@nestjs/core/injector/instance-loader.js\u001b[2m:40:13\u001b[22m\u001b[2m\u001b[22m\n\u001b[2m          at async Promise.all (index 1)\u001b[22m\n\u001b[2m      \u001b[2mat TestingInstanceLoader.createInstances (\u001b[22m\u001b[2m../node_modules/@nestjs/core/injector/instance-loader.js\u001b[2m:39:9)\u001b[22m\u001b[2m\u001b[22m\n\u001b[2m      \u001b[2mat TestingInstanceLoader.createInstancesOfDependencies (\u001b[22m\u001b[2m../node_modules/@nestjs/core/injector/instance-loader.js\u001b[2m:22:13)\u001b[22m\u001b[2m\u001b[22m\n\u001b[2m      \u001b[2mat TestingInstanceLoader.createInstancesOfDependencies (\u001b[22m\u001b[2m../node_modules/@nestjs/testing/testing-instance-loader.js\u001b[2m:9:9)\u001b[22m\u001b[2m\u001b[22m\n\u001b[2m      \u001b[2mat TestingModuleBuilder.createInstancesOfDependencies (\u001b[22m\u001b[2m../node_modules/@nestjs/testing/testing-module.builder.js\u001b[2m:118:9)\u001b[22m\u001b[2m\u001b[22m\n\u001b[2m      \u001b[2mat TestingModuleBuilder.compile (\u001b[22m\u001b[2m../node_modules/@nestjs/testing/testing-module.builder.js\u001b[2m:74:9)\u001b[22m\u001b[2m\u001b[22m\n\u001b[2m      \u001b[2mat Object.<anonymous> (\u001b[22m\u001b[2m\u001b[0m\u001b[36maudit-log/audit-log.service.spec.ts\u001b[39m\u001b[0m\u001b[2m:8:35)\u001b[22m\u001b[2m\u001b[22m\n","name":"C:\\Users\\Hp\\Downloads\\workflowguard_app-main\\backend\\src\\audit-log\\audit-log.service.spec.ts","startTime":1755413929902,"status":"failed","summary":""},{"assertionResults":[{"ancestorTitles":["AuditLogController"],"duration":65,"failureDetails":[{"type":"TrialGuard","context":{"index":0,"dependencies":[null]},"metadata":{"id":"3aacf976e05ad8d01a592"},"moduleRef":{"id":"c8cae9f0a33b93aacf976"}}],"failureMessages":["Error: Nest can't resolve dependencies of the TrialGuard (?). Please make sure that the argument SubscriptionService at index [0] is available in the RootTestModule context.\n\nPotential solutions:\n- Is RootTestModule a valid NestJS module?\n- If SubscriptionService is a provider, is it part of the current RootTestModule?\n- If SubscriptionService is exported from a separate @Module, is that module imported within RootTestModule?\n  @Module({\n    imports: [ /* the Module containing SubscriptionService */ ]\n  })\n\n    at TestingInjector.lookupComponentInParentModules (C:\\Users\\Hp\\Downloads\\workflowguard_app-main\\backend\\node_modules\\@nestjs\\core\\injector\\injector.js:262:19)\n    at processTicksAndRejections (node:internal/process/task_queues:105:5)\n    at TestingInjector.resolveComponentInstance (C:\\Users\\Hp\\Downloads\\workflowguard_app-main\\backend\\node_modules\\@nestjs\\core\\injector\\injector.js:215:33)\n    at TestingInjector.resolveComponentInstance (C:\\Users\\Hp\\Downloads\\workflowguard_app-main\\backend\\node_modules\\@nestjs\\testing\\testing-injector.js:19:45)\n    at resolveParam (C:\\Users\\Hp\\Downloads\\workflowguard_app-main\\backend\\node_modules\\@nestjs\\core\\injector\\injector.js:129:38)\n    at async Promise.all (index 0)\n    at TestingInjector.resolveConstructorParams (C:\\Users\\Hp\\Downloads\\workflowguard_app-main\\backend\\node_modules\\@nestjs\\core\\injector\\injector.js:144:27)\n    at TestingInjector.loadInstance (C:\\Users\\Hp\\Downloads\\workflowguard_app-main\\backend\\node_modules\\@nestjs\\core\\injector\\injector.js:70:13)\n    at TestingInjector.loadInjectable (C:\\Users\\Hp\\Downloads\\workflowguard_app-main\\backend\\node_modules\\@nestjs\\core\\injector\\injector.js:94:9)\n    at C:\\Users\\Hp\\Downloads\\workflowguard_app-main\\backend\\node_modules\\@nestjs\\core\\injector\\instance-loader.js:80:13\n    at async Promise.all (index 1)\n    at TestingInstanceLoader.createInstancesOfInjectables (C:\\Users\\Hp\\Downloads\\workflowguard_app-main\\backend\\node_modules\\@nestjs\\core\\injector\\instance-loader.js:79:9)\n    at C:\\Users\\Hp\\Downloads\\workflowguard_app-main\\backend\\node_modules\\@nestjs\\core\\injector\\instance-loader.js:41:13\n    at async Promise.all (index 1)\n    at TestingInstanceLoader.createInstances (C:\\Users\\Hp\\Downloads\\workflowguard_app-main\\backend\\node_modules\\@nestjs\\core\\injector\\instance-loader.js:39:9)\n    at TestingInstanceLoader.createInstancesOfDependencies (C:\\Users\\Hp\\Downloads\\workflowguard_app-main\\backend\\node_modules\\@nestjs\\core\\injector\\instance-loader.js:22:13)\n    at TestingInstanceLoader.createInstancesOfDependencies (C:\\Users\\Hp\\Downloads\\workflowguard_app-main\\backend\\node_modules\\@nestjs\\testing\\testing-instance-loader.js:9:9)\n    at TestingModuleBuilder.createInstancesOfDependencies (C:\\Users\\Hp\\Downloads\\workflowguard_app-main\\backend\\node_modules\\@nestjs\\testing\\testing-module.builder.js:118:9)\n    at TestingModuleBuilder.compile (C:\\Users\\Hp\\Downloads\\workflowguard_app-main\\backend\\node_modules\\@nestjs\\testing\\testing-module.builder.js:74:9)\n    at Object.<anonymous> (C:\\Users\\Hp\\Downloads\\workflowguard_app-main\\backend\\src\\audit-log\\audit-log.controller.spec.ts:8:35)"],"fullName":"AuditLogController should be defined","invocations":1,"location":null,"numPassingAsserts":0,"retryReasons":[],"status":"failed","title":"should be defined"}],"endTime":1755413930917,"message":"\u001b[1m\u001b[31m  \u001b[1m● \u001b[22m\u001b[1mAuditLogController › should be defined\u001b[39m\u001b[22m\n\n    Nest can't resolve dependencies of the TrialGuard (?). Please make sure that the argument SubscriptionService at index [0] is available in the RootTestModule context.\n\n    Potential solutions:\n    - Is RootTestModule a valid NestJS module?\n    - If SubscriptionService is a provider, is it part of the current RootTestModule?\n    - If SubscriptionService is exported from a separate @Module, is that module imported within RootTestModule?\n      @Module({\n        imports: [ /* the Module containing SubscriptionService */ ]\n      })\n\u001b[2m\u001b[22m\n\u001b[2m    \u001b[0m \u001b[90m  6 |\u001b[39m\u001b[22m\n\u001b[2m     \u001b[90m  7 |\u001b[39m   beforeEach(\u001b[36masync\u001b[39m () \u001b[33m=>\u001b[39m {\u001b[22m\n\u001b[2m    \u001b[31m\u001b[1m>\u001b[22m\u001b[2m\u001b[39m\u001b[90m  8 |\u001b[39m     \u001b[36mconst\u001b[39m module\u001b[33m:\u001b[39m \u001b[33mTestingModule\u001b[39m \u001b[33m=\u001b[39m \u001b[36mawait\u001b[39m \u001b[33mTest\u001b[39m\u001b[33m.\u001b[39mcreateTestingModule({\u001b[22m\n\u001b[2m     \u001b[90m    |\u001b[39m                                   \u001b[31m\u001b[1m^\u001b[22m\u001b[2m\u001b[39m\u001b[22m\n\u001b[2m     \u001b[90m  9 |\u001b[39m       controllers\u001b[33m:\u001b[39m [\u001b[33mAuditLogController\u001b[39m]\u001b[33m,\u001b[39m\u001b[22m\n\u001b[2m     \u001b[90m 10 |\u001b[39m     })\u001b[33m.\u001b[39mcompile()\u001b[33m;\u001b[39m\u001b[22m\n\u001b[2m     \u001b[90m 11 |\u001b[39m\u001b[0m\u001b[22m\n\u001b[2m\u001b[22m\n\u001b[2m      \u001b[2mat TestingInjector.lookupComponentInParentModules (\u001b[22m\u001b[2m../node_modules/@nestjs/core/injector/injector.js\u001b[2m:262:19)\u001b[22m\u001b[2m\u001b[22m\n\u001b[2m      \u001b[2mat TestingInjector.resolveComponentInstance (\u001b[22m\u001b[2m../node_modules/@nestjs/core/injector/injector.js\u001b[2m:215:33)\u001b[22m\u001b[2m\u001b[22m\n\u001b[2m      \u001b[2mat TestingInjector.resolveComponentInstance (\u001b[22m\u001b[2m../node_modules/@nestjs/testing/testing-injector.js\u001b[2m:19:45)\u001b[22m\u001b[2m\u001b[22m\n\u001b[2m      \u001b[2mat resolveParam (\u001b[22m\u001b[2m../node_modules/@nestjs/core/injector/injector.js\u001b[2m:129:38)\u001b[22m\u001b[2m\u001b[22m\n\u001b[2m          at async Promise.all (index 0)\u001b[22m\n\u001b[2m      \u001b[2mat TestingInjector.resolveConstructorParams (\u001b[22m\u001b[2m../node_modules/@nestjs/core/injector/injector.js\u001b[2m:144:27)\u001b[22m\u001b[2m\u001b[22m\n\u001b[2m      \u001b[2mat TestingInjector.loadInstance (\u001b[22m\u001b[2m../node_modules/@nestjs/core/injector/injector.js\u001b[2m:70:13)\u001b[22m\u001b[2m\u001b[22m\n\u001b[2m      \u001b[2mat TestingInjector.loadInjectable (\u001b[22m\u001b[2m../node_modules/@nestjs/core/injector/injector.js\u001b[2m:94:9)\u001b[22m\u001b[2m\u001b[22m\n\u001b[2m      \u001b[2mat \u001b[22m\u001b[2m../node_modules/@nestjs/core/injector/instance-loader.js\u001b[2m:80:13\u001b[22m\u001b[2m\u001b[22m\n\u001b[2m          at async Promise.all (index 1)\u001b[22m\n\u001b[2m      \u001b[2mat TestingInstanceLoader.createInstancesOfInjectables (\u001b[22m\u001b[2m../node_modules/@nestjs/core/injector/instance-loader.js\u001b[2m:79:9)\u001b[22m\u001b[2m\u001b[22m\n\u001b[2m      \u001b[2mat \u001b[22m\u001b[2m../node_modules/@nestjs/core/injector/instance-loader.js\u001b[2m:41:13\u001b[22m\u001b[2m\u001b[22m\n\u001b[2m          at async Promise.all (index 1)\u001b[22m\n\u001b[2m      \u001b[2mat TestingInstanceLoader.createInstances (\u001b[22m\u001b[2m../node_modules/@nestjs/core/injector/instance-loader.js\u001b[2m:39:9)\u001b[22m\u001b[2m\u001b[22m\n\u001b[2m      \u001b[2mat TestingInstanceLoader.createInstancesOfDependencies (\u001b[22m\u001b[2m../node_modules/@nestjs/core/injector/instance-loader.js\u001b[2m:22:13)\u001b[22m\u001b[2m\u001b[22m\n\u001b[2m      \u001b[2mat TestingInstanceLoader.createInstancesOfDependencies (\u001b[22m\u001b[2m../node_modules/@nestjs/testing/testing-instance-loader.js\u001b[2m:9:9)\u001b[22m\u001b[2m\u001b[22m\n\u001b[2m      \u001b[2mat TestingModuleBuilder.createInstancesOfDependencies (\u001b[22m\u001b[2m../node_modules/@nestjs/testing/testing-module.builder.js\u001b[2m:118:9)\u001b[22m\u001b[2m\u001b[22m\n\u001b[2m      \u001b[2mat TestingModuleBuilder.compile (\u001b[22m\u001b[2m../node_modules/@nestjs/testing/testing-module.builder.js\u001b[2m:74:9)\u001b[22m\u001b[2m\u001b[22m\n\u001b[2m      \u001b[2mat Object.<anonymous> (\u001b[22m\u001b[2m\u001b[0m\u001b[36maudit-log/audit-log.controller.spec.ts\u001b[39m\u001b[0m\u001b[2m:8:35)\u001b[22m\u001b[2m\u001b[22m\n","name":"C:\\Users\\Hp\\Downloads\\workflowguard_app-main\\backend\\src\\audit-log\\audit-log.controller.spec.ts","startTime":1755413915536,"status":"failed","summary":""},{"assertionResults":[{"ancestorTitles":["WebhookController"],"duration":70,"failureDetails":[{"type":"WebhookController","context":{"index":0,"dependencies":[null]},"metadata":{"id":"2a93271a679ba99541baf"},"moduleRef":{"id":"c8d9bab70c2a93271a679"}}],"failureMessages":["Error: Nest can't resolve dependencies of the WebhookController (?). Please make sure that the argument WebhookService at index [0] is available in the RootTestModule context.\n\nPotential solutions:\n- Is RootTestModule a valid NestJS module?\n- If WebhookService is a provider, is it part of the current RootTestModule?\n- If WebhookService is exported from a separate @Module, is that module imported within RootTestModule?\n  @Module({\n    imports: [ /* the Module containing WebhookService */ ]\n  })\n\n    at TestingInjector.lookupComponentInParentModules (C:\\Users\\Hp\\Downloads\\workflowguard_app-main\\backend\\node_modules\\@nestjs\\core\\injector\\injector.js:262:19)\n    at processTicksAndRejections (node:internal/process/task_queues:105:5)\n    at TestingInjector.resolveComponentInstance (C:\\Users\\Hp\\Downloads\\workflowguard_app-main\\backend\\node_modules\\@nestjs\\core\\injector\\injector.js:215:33)\n    at TestingInjector.resolveComponentInstance (C:\\Users\\Hp\\Downloads\\workflowguard_app-main\\backend\\node_modules\\@nestjs\\testing\\testing-injector.js:19:45)\n    at resolveParam (C:\\Users\\Hp\\Downloads\\workflowguard_app-main\\backend\\node_modules\\@nestjs\\core\\injector\\injector.js:129:38)\n    at async Promise.all (index 0)\n    at TestingInjector.resolveConstructorParams (C:\\Users\\Hp\\Downloads\\workflowguard_app-main\\backend\\node_modules\\@nestjs\\core\\injector\\injector.js:144:27)\n    at TestingInjector.loadInstance (C:\\Users\\Hp\\Downloads\\workflowguard_app-main\\backend\\node_modules\\@nestjs\\core\\injector\\injector.js:70:13)\n    at TestingInjector.loadController (C:\\Users\\Hp\\Downloads\\workflowguard_app-main\\backend\\node_modules\\@nestjs\\core\\injector\\injector.js:89:9)\n    at C:\\Users\\Hp\\Downloads\\workflowguard_app-main\\backend\\node_modules\\@nestjs\\core\\injector\\instance-loader.js:68:13\n    at async Promise.all (index 0)\n    at TestingInstanceLoader.createInstancesOfControllers (C:\\Users\\Hp\\Downloads\\workflowguard_app-main\\backend\\node_modules\\@nestjs\\core\\injector\\instance-loader.js:67:9)\n    at C:\\Users\\Hp\\Downloads\\workflowguard_app-main\\backend\\node_modules\\@nestjs\\core\\injector\\instance-loader.js:42:13\n    at async Promise.all (index 1)\n    at TestingInstanceLoader.createInstances (C:\\Users\\Hp\\Downloads\\workflowguard_app-main\\backend\\node_modules\\@nestjs\\core\\injector\\instance-loader.js:39:9)\n    at TestingInstanceLoader.createInstancesOfDependencies (C:\\Users\\Hp\\Downloads\\workflowguard_app-main\\backend\\node_modules\\@nestjs\\core\\injector\\instance-loader.js:22:13)\n    at TestingInstanceLoader.createInstancesOfDependencies (C:\\Users\\Hp\\Downloads\\workflowguard_app-main\\backend\\node_modules\\@nestjs\\testing\\testing-instance-loader.js:9:9)\n    at TestingModuleBuilder.createInstancesOfDependencies (C:\\Users\\Hp\\Downloads\\workflowguard_app-main\\backend\\node_modules\\@nestjs\\testing\\testing-module.builder.js:118:9)\n    at TestingModuleBuilder.compile (C:\\Users\\Hp\\Downloads\\workflowguard_app-main\\backend\\node_modules\\@nestjs\\testing\\testing-module.builder.js:74:9)\n    at Object.<anonymous> (C:\\Users\\Hp\\Downloads\\workflowguard_app-main\\backend\\src\\webhook\\webhook.controller.spec.ts:8:35)"],"fullName":"WebhookController should be defined","invocations":1,"location":null,"numPassingAsserts":0,"retryReasons":[],"status":"failed","title":"should be defined"}],"endTime":1755413930930,"message":"\u001b[1m\u001b[31m  \u001b[1m● \u001b[22m\u001b[1mWebhookController › should be defined\u001b[39m\u001b[22m\n\n    Nest can't resolve dependencies of the WebhookController (?). Please make sure that the argument WebhookService at index [0] is available in the RootTestModule context.\n\n    Potential solutions:\n    - Is RootTestModule a valid NestJS module?\n    - If WebhookService is a provider, is it part of the current RootTestModule?\n    - If WebhookService is exported from a separate @Module, is that module imported within RootTestModule?\n      @Module({\n        imports: [ /* the Module containing WebhookService */ ]\n      })\n\u001b[2m\u001b[22m\n\u001b[2m    \u001b[0m \u001b[90m  6 |\u001b[39m\u001b[22m\n\u001b[2m     \u001b[90m  7 |\u001b[39m   beforeEach(\u001b[36masync\u001b[39m () \u001b[33m=>\u001b[39m {\u001b[22m\n\u001b[2m    \u001b[31m\u001b[1m>\u001b[22m\u001b[2m\u001b[39m\u001b[90m  8 |\u001b[39m     \u001b[36mconst\u001b[39m module\u001b[33m:\u001b[39m \u001b[33mTestingModule\u001b[39m \u001b[33m=\u001b[39m \u001b[36mawait\u001b[39m \u001b[33mTest\u001b[39m\u001b[33m.\u001b[39mcreateTestingModule({\u001b[22m\n\u001b[2m     \u001b[90m    |\u001b[39m                                   \u001b[31m\u001b[1m^\u001b[22m\u001b[2m\u001b[39m\u001b[22m\n\u001b[2m     \u001b[90m  9 |\u001b[39m       controllers\u001b[33m:\u001b[39m [\u001b[33mWebhookController\u001b[39m]\u001b[33m,\u001b[39m\u001b[22m\n\u001b[2m     \u001b[90m 10 |\u001b[39m     })\u001b[33m.\u001b[39mcompile()\u001b[33m;\u001b[39m\u001b[22m\n\u001b[2m     \u001b[90m 11 |\u001b[39m\u001b[0m\u001b[22m\n\u001b[2m\u001b[22m\n\u001b[2m      \u001b[2mat TestingInjector.lookupComponentInParentModules (\u001b[22m\u001b[2m../node_modules/@nestjs/core/injector/injector.js\u001b[2m:262:19)\u001b[22m\u001b[2m\u001b[22m\n\u001b[2m      \u001b[2mat TestingInjector.resolveComponentInstance (\u001b[22m\u001b[2m../node_modules/@nestjs/core/injector/injector.js\u001b[2m:215:33)\u001b[22m\u001b[2m\u001b[22m\n\u001b[2m      \u001b[2mat TestingInjector.resolveComponentInstance (\u001b[22m\u001b[2m../node_modules/@nestjs/testing/testing-injector.js\u001b[2m:19:45)\u001b[22m\u001b[2m\u001b[22m\n\u001b[2m      \u001b[2mat resolveParam (\u001b[22m\u001b[2m../node_modules/@nestjs/core/injector/injector.js\u001b[2m:129:38)\u001b[22m\u001b[2m\u001b[22m\n\u001b[2m          at async Promise.all (index 0)\u001b[22m\n\u001b[2m      \u001b[2mat TestingInjector.resolveConstructorParams (\u001b[22m\u001b[2m../node_modules/@nestjs/core/injector/injector.js\u001b[2m:144:27)\u001b[22m\u001b[2m\u001b[22m\n\u001b[2m      \u001b[2mat TestingInjector.loadInstance (\u001b[22m\u001b[2m../node_modules/@nestjs/core/injector/injector.js\u001b[2m:70:13)\u001b[22m\u001b[2m\u001b[22m\n\u001b[2m      \u001b[2mat TestingInjector.loadController (\u001b[22m\u001b[2m../node_modules/@nestjs/core/injector/injector.js\u001b[2m:89:9)\u001b[22m\u001b[2m\u001b[22m\n\u001b[2m      \u001b[2mat \u001b[22m\u001b[2m../node_modules/@nestjs/core/injector/instance-loader.js\u001b[2m:68:13\u001b[22m\u001b[2m\u001b[22m\n\u001b[2m          at async Promise.all (index 0)\u001b[22m\n\u001b[2m      \u001b[2mat TestingInstanceLoader.createInstancesOfControllers (\u001b[22m\u001b[2m../node_modules/@nestjs/core/injector/instance-loader.js\u001b[2m:67:9)\u001b[22m\u001b[2m\u001b[22m\n\u001b[2m      \u001b[2mat \u001b[22m\u001b[2m../node_modules/@nestjs/core/injector/instance-loader.js\u001b[2m:42:13\u001b[22m\u001b[2m\u001b[22m\n\u001b[2m          at async Promise.all (index 1)\u001b[22m\n\u001b[2m      \u001b[2mat TestingInstanceLoader.createInstances (\u001b[22m\u001b[2m../node_modules/@nestjs/core/injector/instance-loader.js\u001b[2m:39:9)\u001b[22m\u001b[2m\u001b[22m\n\u001b[2m      \u001b[2mat TestingInstanceLoader.createInstancesOfDependencies (\u001b[22m\u001b[2m../node_modules/@nestjs/core/injector/instance-loader.js\u001b[2m:22:13)\u001b[22m\u001b[2m\u001b[22m\n\u001b[2m      \u001b[2mat TestingInstanceLoader.createInstancesOfDependencies (\u001b[22m\u001b[2m../node_modules/@nestjs/testing/testing-instance-loader.js\u001b[2m:9:9)\u001b[22m\u001b[2m\u001b[22m\n\u001b[2m      \u001b[2mat TestingModuleBuilder.createInstancesOfDependencies (\u001b[22m\u001b[2m../node_modules/@nestjs/testing/testing-module.builder.js\u001b[2m:118:9)\u001b[22m\u001b[2m\u001b[22m\n\u001b[2m      \u001b[2mat TestingModuleBuilder.compile (\u001b[22m\u001b[2m../node_modules/@nestjs/testing/testing-module.builder.js\u001b[2m:74:9)\u001b[22m\u001b[2m\u001b[22m\n\u001b[2m      \u001b[2mat Object.<anonymous> (\u001b[22m\u001b[2m\u001b[0m\u001b[36mwebhook/webhook.controller.spec.ts\u001b[39m\u001b[0m\u001b[2m:8:35)\u001b[22m\u001b[2m\u001b[22m\n","name":"C:\\Users\\Hp\\Downloads\\workflowguard_app-main\\backend\\src\\webhook\\webhook.controller.spec.ts","startTime":1755413915509,"status":"failed","summary":""},{"assertionResults":[{"ancestorTitles":["AppController","root"],"duration":14,"failureDetails":[],"failureMessages":[],"fullName":"AppController root should return \"Hello World!\"","invocations":1,"location":null,"numPassingAsserts":1,"retryReasons":[],"status":"passed","title":"should return \"Hello World!\""}],"endTime":1755413930887,"message":"","name":"C:\\Users\\Hp\\Downloads\\workflowguard_app-main\\backend\\src\\app.controller.spec.ts","startTime":1755413930241,"status":"passed","summary":""},{"assertionResults":[],"coverage":{},"endTime":1755413936791,"message":"  \u001b[1m● \u001b[22mTest suite failed to run\n\n    \u001b[96msrc/workflow-version/workflow-version.service.spec.ts\u001b[0m:\u001b[93m103\u001b[0m:\u001b[93m9\u001b[0m - \u001b[91merror\u001b[0m\u001b[90m TS2345: \u001b[0mArgument of type 'string' is not assignable to parameter of type 'number'.\n\n    \u001b[7m103\u001b[0m         mockUserId,\n    \u001b[7m   \u001b[0m \u001b[91m        ~~~~~~~~~~\u001b[0m\n    \u001b[96msrc/workflow-version/workflow-version.service.spec.ts\u001b[0m:\u001b[93m121\u001b[0m:\u001b[93m9\u001b[0m - \u001b[91merror\u001b[0m\u001b[90m TS2345: \u001b[0mArgument of type 'string' is not assignable to parameter of type 'number'.\n\n    \u001b[7m121\u001b[0m         mockUserId,\n    \u001b[7m   \u001b[0m \u001b[91m        ~~~~~~~~~~\u001b[0m\n    \u001b[96msrc/workflow-version/workflow-version.service.spec.ts\u001b[0m:\u001b[93m133\u001b[0m:\u001b[93m66\u001b[0m - \u001b[91merror\u001b[0m\u001b[90m TS2345: \u001b[0mArgument of type 'string' is not assignable to parameter of type 'number'.\n\n    \u001b[7m133\u001b[0m         service.findByWorkflowIdWithHistoryLimit(mockWorkflowId, mockUserId),\n    \u001b[7m   \u001b[0m \u001b[91m                                                                 ~~~~~~~~~~\u001b[0m\n    \u001b[96msrc/workflow-version/workflow-version.service.spec.ts\u001b[0m:\u001b[93m208\u001b[0m:\u001b[93m9\u001b[0m - \u001b[91merror\u001b[0m\u001b[90m TS2345: \u001b[0mArgument of type '{ id: string; hubspotId: string; name: string; }' is not assignable to parameter of type '{ name: string; id: string; createdAt: Date; hubspotId: string; ownerId: string; updatedAt: Date; isProtected: boolean; }'.\n      Type '{ id: string; hubspotId: string; name: string; }' is missing the following properties from type '{ name: string; id: string; createdAt: Date; hubspotId: string; ownerId: string; updatedAt: Date; isProtected: boolean; }': createdAt, ownerId, updatedAt, isProtected\n\n    \u001b[7m208\u001b[0m         mockWorkflow,\n    \u001b[7m   \u001b[0m \u001b[91m        ~~~~~~~~~~~~\u001b[0m\n    \u001b[96msrc/workflow-version/workflow-version.service.spec.ts\u001b[0m:\u001b[93m224\u001b[0m:\u001b[93m38\u001b[0m - \u001b[91merror\u001b[0m\u001b[90m TS2345: \u001b[0mArgument of type '{ id: string; hubspotId: string; name: string; }' is not assignable to parameter of type '{ name: string; id: string; createdAt: Date; hubspotId: string; ownerId: string; updatedAt: Date; isProtected: boolean; }'.\n      Type '{ id: string; hubspotId: string; name: string; }' is missing the following properties from type '{ name: string; id: string; createdAt: Date; hubspotId: string; ownerId: string; updatedAt: Date; isProtected: boolean; }': createdAt, ownerId, updatedAt, isProtected\n\n    \u001b[7m224\u001b[0m         service.createInitialVersion(mockWorkflow, mockUserId, mockInitialData),\n    \u001b[7m   \u001b[0m \u001b[91m                                     ~~~~~~~~~~~~\u001b[0m\n","name":"C:\\Users\\Hp\\Downloads\\workflowguard_app-main\\backend\\src\\workflow-version\\workflow-version.service.spec.ts","startTime":1755413936791,"status":"failed","summary":""},{"assertionResults":[],"coverage":{},"endTime":1755413936791,"message":"  \u001b[1m● \u001b[22mTest suite failed to run\n\n    \u001b[96msrc/workflow-version/workflow-version.controller.spec.ts\u001b[0m:\u001b[93m44\u001b[0m:\u001b[93m13\u001b[0m - \u001b[91merror\u001b[0m\u001b[90m TS7034: \u001b[0mVariable 'result' implicitly has type 'any[]' in some locations where its type cannot be determined.\n\n    \u001b[7m44\u001b[0m       const result = [];\n    \u001b[7m  \u001b[0m \u001b[91m            ~~~~~~\u001b[0m\n    \u001b[96msrc/workflow-version/workflow-version.controller.spec.ts\u001b[0m:\u001b[93m45\u001b[0m:\u001b[93m66\u001b[0m - \u001b[91merror\u001b[0m\u001b[90m TS7005: \u001b[0mVariable 'result' implicitly has an 'any[]' type.\n\n    \u001b[7m45\u001b[0m       service.findByWorkflowIdWithHistoryLimit.mockResolvedValue(result);\n    \u001b[7m  \u001b[0m \u001b[91m                                                                 ~~~~~~\u001b[0m\n    \u001b[96msrc/workflow-version/workflow-version.controller.spec.ts\u001b[0m:\u001b[93m49\u001b[0m:\u001b[93m14\u001b[0m - \u001b[91merror\u001b[0m\u001b[90m TS7005: \u001b[0mVariable 'result' implicitly has an 'any[]' type.\n\n    \u001b[7m49\u001b[0m       ).toBe(result);\n    \u001b[7m  \u001b[0m \u001b[91m             ~~~~~~\u001b[0m\n    \u001b[96msrc/workflow-version/workflow-version.controller.spec.ts\u001b[0m:\u001b[93m80\u001b[0m:\u001b[93m40\u001b[0m - \u001b[91merror\u001b[0m\u001b[90m TS2345: \u001b[0mArgument of type '{ snapshotType?: string; data?: any; id: string; }' is not assignable to parameter of type '{ id: string; workflowId: string; versionNumber: number; snapshotType: string; createdBy: string; createdAt: Date; data: JsonValue; } | Promise<{ id: string; workflowId: string; versionNumber: number; snapshotType: string; createdBy: string; createdAt: Date; data: JsonValue; }>'.\n      Type '{ snapshotType?: string | undefined; data?: any; id: string; }' is missing the following properties from type '{ id: string; workflowId: string; versionNumber: number; snapshotType: string; createdBy: string; createdAt: Date; data: JsonValue; }': workflowId, versionNumber, createdBy, createdAt\n\n    \u001b[7m80\u001b[0m       service.update.mockResolvedValue(result);\n    \u001b[7m  \u001b[0m \u001b[91m                                       ~~~~~~\u001b[0m\n","name":"C:\\Users\\Hp\\Downloads\\workflowguard_app-main\\backend\\src\\workflow-version\\workflow-version.controller.spec.ts","startTime":1755413936791,"status":"failed","summary":""},{"assertionResults":[],"coverage":{},"endTime":1755413936791,"message":"  \u001b[1m● \u001b[22mTest suite failed to run\n\n    \u001b[96msrc/workflow/workflow.service.ts\u001b[0m:\u001b[93m316\u001b[0m:\u001b[93m17\u001b[0m - \u001b[91merror\u001b[0m\u001b[90m TS2345: \u001b[0mArgument of type 'WorkflowResponse | { hubspotId: string; name: string; status: string; metadata: { protection: { initialProtection: true; protectedAt: string; protectedBy: string; }; }; }' is not assignable to parameter of type 'InputJsonObject'.\n      Type 'WorkflowResponse' is not assignable to type 'InputJsonObject'.\n        Index signature for type 'string' is missing in type 'WorkflowResponse'.\n\n    \u001b[7m316\u001b[0m                 hubspotWorkflowData || {\n    \u001b[7m   \u001b[0m \u001b[91m                ~~~~~~~~~~~~~~~~~~~~~~~~\u001b[0m\n    \u001b[7m317\u001b[0m                   hubspotId,\n    \u001b[7m   \u001b[0m \u001b[91m~~~~~~~~~~~~~~~~~~~~~~~~~~~~\u001b[0m\n    \u001b[7m...\u001b[0m \n    \u001b[7m326\u001b[0m                   },\n    \u001b[7m   \u001b[0m \u001b[91m~~~~~~~~~~~~~~~~~~~~\u001b[0m\n    \u001b[7m327\u001b[0m                 },\n    \u001b[7m   \u001b[0m \u001b[91m~~~~~~~~~~~~~~~~~\u001b[0m\n    \u001b[96msrc/workflow/workflow.service.ts\u001b[0m:\u001b[93m637\u001b[0m:\u001b[93m7\u001b[0m - \u001b[91merror\u001b[0m\u001b[90m TS2322: \u001b[0mType '{ id: string; name: string; lastSnapshot: string; versions: number; lastModifiedBy: string; status: string; protectionStatus: string; lastModified: string; steps: number; contacts: number; }[]' is not assignable to type 'WorkflowStatsDto[]'.\n      Type '{ id: string; name: string; lastSnapshot: string; versions: number; lastModifiedBy: string; status: string; protectionStatus: string; lastModified: string; steps: number; contacts: number; }' is not assignable to type 'WorkflowStatsDto'.\n        Types of property 'status' are incompatible.\n          Type 'string' is not assignable to type '\"active\" | \"inactive\"'.\n\n    \u001b[7m637\u001b[0m       return stats;\n    \u001b[7m   \u001b[0m \u001b[91m      ~~~~~~\u001b[0m\n","name":"C:\\Users\\Hp\\Downloads\\workflowguard_app-main\\backend\\src\\workflow\\workflow.service.spec.ts","startTime":1755413936791,"status":"failed","summary":""},{"assertionResults":[],"coverage":{},"endTime":1755413936791,"message":"  \u001b[1m● \u001b[22mTest suite failed to run\n\n    \u001b[96msrc/workflow/workflow.service.ts\u001b[0m:\u001b[93m316\u001b[0m:\u001b[93m17\u001b[0m - \u001b[91merror\u001b[0m\u001b[90m TS2345: \u001b[0mArgument of type 'WorkflowResponse | { hubspotId: string; name: string; status: string; metadata: { protection: { initialProtection: true; protectedAt: string; protectedBy: string; }; }; }' is not assignable to parameter of type 'InputJsonObject'.\n      Type 'WorkflowResponse' is not assignable to type 'InputJsonObject'.\n        Index signature for type 'string' is missing in type 'WorkflowResponse'.\n\n    \u001b[7m316\u001b[0m                 hubspotWorkflowData || {\n    \u001b[7m   \u001b[0m \u001b[91m                ~~~~~~~~~~~~~~~~~~~~~~~~\u001b[0m\n    \u001b[7m317\u001b[0m                   hubspotId,\n    \u001b[7m   \u001b[0m \u001b[91m~~~~~~~~~~~~~~~~~~~~~~~~~~~~\u001b[0m\n    \u001b[7m...\u001b[0m \n    \u001b[7m326\u001b[0m                   },\n    \u001b[7m   \u001b[0m \u001b[91m~~~~~~~~~~~~~~~~~~~~\u001b[0m\n    \u001b[7m327\u001b[0m                 },\n    \u001b[7m   \u001b[0m \u001b[91m~~~~~~~~~~~~~~~~~\u001b[0m\n    \u001b[96msrc/workflow/workflow.service.ts\u001b[0m:\u001b[93m637\u001b[0m:\u001b[93m7\u001b[0m - \u001b[91merror\u001b[0m\u001b[90m TS2322: \u001b[0mType '{ id: string; name: string; lastSnapshot: string; versions: number; lastModifiedBy: string; status: string; protectionStatus: string; lastModified: string; steps: number; contacts: number; }[]' is not assignable to type 'WorkflowStatsDto[]'.\n      Type '{ id: string; name: string; lastSnapshot: string; versions: number; lastModifiedBy: string; status: string; protectionStatus: string; lastModified: string; steps: number; contacts: number; }' is not assignable to type 'WorkflowStatsDto'.\n        Types of property 'status' are incompatible.\n          Type 'string' is not assignable to type '\"active\" | \"inactive\"'.\n\n    \u001b[7m637\u001b[0m       return stats;\n    \u001b[7m   \u001b[0m \u001b[91m      ~~~~~~\u001b[0m\n","name":"C:\\Users\\Hp\\Downloads\\workflowguard_app-main\\backend\\src\\workflow\\workflow.controller.spec.ts","startTime":1755413936791,"status":"failed","summary":""}],"wasInterrupted":false}
